bws0868.ihep.ac.cn
/publicfs/cms/user/wangzebing/ALP/Analysis_code/condor
Total number of events: 14705369
events weight: 1.0
events : 14705369
Processing entry 0
Processing entry 10000
Processing entry 20000
Processing entry 30000
Processing entry 40000
Processing entry 50000
Processing entry 60000
Processing entry 70000
Processing entry 80000
Processing entry 90000
Processing entry 100000
Processing entry 110000
Processing entry 120000
Processing entry 130000
Processing entry 140000
Processing entry 150000
Processing entry 160000
Processing entry 170000
Processing entry 180000
Processing entry 190000
Processing entry 200000
Processing entry 210000
Processing entry 220000
Processing entry 230000
Processing entry 240000
Processing entry 250000
Processing entry 260000
Processing entry 270000
Processing entry 280000
Processing entry 290000
Processing entry 300000
Processing entry 310000
Processing entry 320000
Processing entry 330000
Processing entry 340000
Processing entry 350000
Processing entry 360000
Processing entry 370000
Processing entry 380000
Processing entry 390000
Processing entry 400000
Processing entry 410000
Processing entry 420000
Processing entry 430000
Processing entry 440000
Processing entry 450000
Processing entry 460000
Processing entry 470000
Processing entry 480000
Processing entry 490000
Processing entry 500000
Processing entry 510000
Processing entry 520000
Processing entry 530000
Processing entry 540000
Processing entry 550000
Processing entry 560000
Processing entry 570000
Processing entry 580000
Processing entry 590000
Processing entry 600000
Processing entry 610000
Processing entry 620000
Processing entry 630000
Processing entry 640000
Processing entry 650000
Processing entry 660000
Processing entry 670000
Processing entry 680000
Processing entry 690000
Processing entry 700000
Processing entry 710000
Processing entry 720000
Processing entry 730000
Processing entry 740000
Processing entry 750000
Processing entry 760000
Processing entry 770000
Processing entry 780000
Processing entry 790000
Processing entry 800000
Processing entry 810000
Processing entry 820000
Processing entry 830000
Processing entry 840000
Processing entry 850000
Processing entry 860000
Processing entry 870000
Processing entry 880000
Processing entry 890000
Processing entry 900000
Processing entry 910000
Processing entry 920000
Processing entry 930000
Processing entry 940000
Processing entry 950000
Processing entry 960000
Processing entry 970000
Processing entry 980000
Processing entry 990000
Processing entry 1000000
Processing entry 1010000
Processing entry 1020000
Processing entry 1030000
Processing entry 1040000
Processing entry 1050000
Processing entry 1060000
Processing entry 1070000
Processing entry 1080000
Processing entry 1090000
Processing entry 1100000
Processing entry 1110000
Processing entry 1120000
Processing entry 1130000
Processing entry 1140000
Processing entry 1150000
Processing entry 1160000
Processing entry 1170000
Processing entry 1180000
Processing entry 1190000
Processing entry 1200000
Processing entry 1210000
Processing entry 1220000
Processing entry 1230000
Processing entry 1240000
Processing entry 1250000
Processing entry 1260000
Processing entry 1270000
Processing entry 1280000
Processing entry 1290000
Processing entry 1300000
Processing entry 1310000
Processing entry 1320000
Processing entry 1330000
Processing entry 1340000
Processing entry 1350000
Processing entry 1360000
Processing entry 1370000
Processing entry 1380000
Processing entry 1390000
Processing entry 1400000
Processing entry 1410000
Processing entry 1420000
Processing entry 1430000
Processing entry 1440000
Processing entry 1450000
Processing entry 1460000
Processing entry 1470000
Processing entry 1480000
Processing entry 1490000
Processing entry 1500000
Processing entry 1510000
Processing entry 1520000
Processing entry 1530000
Processing entry 1540000
Processing entry 1550000
Processing entry 1560000
Processing entry 1570000
Processing entry 1580000
Processing entry 1590000
Processing entry 1600000
Processing entry 1610000
Processing entry 1620000
Processing entry 1630000
Processing entry 1640000
Processing entry 1650000
Processing entry 1660000
Processing entry 1670000
Processing entry 1680000
Processing entry 1690000
Processing entry 1700000
Processing entry 1710000
Processing entry 1720000
Processing entry 1730000
Processing entry 1740000
Processing entry 1750000
Processing entry 1760000
Processing entry 1770000
Processing entry 1780000
Processing entry 1790000
Processing entry 1800000
Processing entry 1810000
Processing entry 1820000
Processing entry 1830000
Processing entry 1840000
Processing entry 1850000
Processing entry 1860000
Processing entry 1870000
Processing entry 1880000
Processing entry 1890000
Processing entry 1900000
Processing entry 1910000
Processing entry 1920000
Processing entry 1930000
Processing entry 1940000
Processing entry 1950000
Processing entry 1960000
Processing entry 1970000
Processing entry 1980000
Processing entry 1990000
Processing entry 2000000
Processing entry 2010000
Processing entry 2020000
Processing entry 2030000
Processing entry 2040000
Processing entry 2050000
Processing entry 2060000
Processing entry 2070000
Processing entry 2080000
Processing entry 2090000
Processing entry 2100000
Processing entry 2110000
Processing entry 2120000
Processing entry 2130000
Processing entry 2140000
Processing entry 2150000
Processing entry 2160000
Processing entry 2170000
Processing entry 2180000
Processing entry 2190000
Processing entry 2200000
Processing entry 2210000
Processing entry 2220000
Processing entry 2230000
Processing entry 2240000
Processing entry 2250000
Processing entry 2260000
Processing entry 2270000
Processing entry 2280000
Processing entry 2290000
Processing entry 2300000
Processing entry 2310000
Processing entry 2320000
Processing entry 2330000
Processing entry 2340000
Processing entry 2350000
Processing entry 2360000
Processing entry 2370000
Processing entry 2380000
Processing entry 2390000
Processing entry 2400000
Processing entry 2410000
Processing entry 2420000
Processing entry 2430000
Processing entry 2440000
Processing entry 2450000
Processing entry 2460000
Processing entry 2470000
Processing entry 2480000
Processing entry 2490000
Processing entry 2500000
Processing entry 2510000
Processing entry 2520000
Processing entry 2530000
Processing entry 2540000
Processing entry 2550000
Processing entry 2560000
Processing entry 2570000
Processing entry 2580000
Processing entry 2590000
Processing entry 2600000
Processing entry 2610000
Processing entry 2620000
Processing entry 2630000
Processing entry 2640000
Processing entry 2650000
Processing entry 2660000
Processing entry 2670000
Processing entry 2680000
Processing entry 2690000
Processing entry 2700000
Processing entry 2710000
Processing entry 2720000
Processing entry 2730000
Processing entry 2740000
Processing entry 2750000
Processing entry 2760000
Processing entry 2770000
Processing entry 2780000
Processing entry 2790000
Processing entry 2800000
Processing entry 2810000
Processing entry 2820000
Processing entry 2830000
Processing entry 2840000
Processing entry 2850000
Processing entry 2860000
Processing entry 2870000
Processing entry 2880000
Processing entry 2890000
Processing entry 2900000
Processing entry 2910000
Processing entry 2920000
Processing entry 2930000
Processing entry 2940000
Processing entry 2950000
Processing entry 2960000
Processing entry 2970000
Processing entry 2980000
Processing entry 2990000
Processing entry 3000000
Processing entry 3010000
Processing entry 3020000
Processing entry 3030000
Processing entry 3040000
Processing entry 3050000
Processing entry 3060000
Processing entry 3070000
Processing entry 3080000
Processing entry 3090000
Processing entry 3100000
Processing entry 3110000
Processing entry 3120000
Processing entry 3130000
Processing entry 3140000
Processing entry 3150000
Processing entry 3160000
Processing entry 3170000
Processing entry 3180000
Processing entry 3190000
Processing entry 3200000
Processing entry 3210000
Processing entry 3220000
Processing entry 3230000
Processing entry 3240000
Processing entry 3250000
Processing entry 3260000
Processing entry 3270000
Processing entry 3280000
Processing entry 3290000
Processing entry 3300000
Processing entry 3310000
Processing entry 3320000
Processing entry 3330000
Processing entry 3340000
Processing entry 3350000
Processing entry 3360000
Processing entry 3370000
Processing entry 3380000
Processing entry 3390000
Processing entry 3400000
Processing entry 3410000
Processing entry 3420000
Processing entry 3430000
Processing entry 3440000
Processing entry 3450000
Processing entry 3460000
Processing entry 3470000
Processing entry 3480000
Processing entry 3490000
Processing entry 3500000
Processing entry 3510000
Processing entry 3520000
Processing entry 3530000
Processing entry 3540000
Processing entry 3550000
Processing entry 3560000
Processing entry 3570000
Processing entry 3580000
Processing entry 3590000
Processing entry 3600000
Processing entry 3610000
Processing entry 3620000
Processing entry 3630000
Processing entry 3640000
Processing entry 3650000
Processing entry 3660000
Processing entry 3670000
Processing entry 3680000
Processing entry 3690000
Processing entry 3700000
Processing entry 3710000
Processing entry 3720000
Processing entry 3730000
Processing entry 3740000
Processing entry 3750000
Processing entry 3760000
Processing entry 3770000
Processing entry 3780000
Processing entry 3790000
Processing entry 3800000
Processing entry 3810000
Processing entry 3820000
Processing entry 3830000
Processing entry 3840000
Processing entry 3850000
Processing entry 3860000
Processing entry 3870000
Processing entry 3880000
Processing entry 3890000
Processing entry 3900000
Processing entry 3910000
Processing entry 3920000
Processing entry 3930000
Processing entry 3940000
Processing entry 3950000
Processing entry 3960000
Processing entry 3970000
Processing entry 3980000
Processing entry 3990000
Processing entry 4000000
Processing entry 4010000
Processing entry 4020000
Processing entry 4030000
Processing entry 4040000
Processing entry 4050000
Processing entry 4060000
Processing entry 4070000
Processing entry 4080000
Processing entry 4090000
Processing entry 4100000
Processing entry 4110000
Processing entry 4120000
Processing entry 4130000
Processing entry 4140000
Processing entry 4150000
Processing entry 4160000
Processing entry 4170000
Processing entry 4180000
Processing entry 4190000
Processing entry 4200000
Processing entry 4210000
Processing entry 4220000
Processing entry 4230000
Processing entry 4240000
Processing entry 4250000
Processing entry 4260000
Processing entry 4270000
Processing entry 4280000
Processing entry 4290000
Processing entry 4300000
Processing entry 4310000
Processing entry 4320000
Processing entry 4330000
Processing entry 4340000
Processing entry 4350000
Processing entry 4360000
Processing entry 4370000
Processing entry 4380000
Processing entry 4390000
Processing entry 4400000
Processing entry 4410000
Processing entry 4420000
Processing entry 4430000
Processing entry 4440000
Processing entry 4450000
Processing entry 4460000
Processing entry 4470000
Processing entry 4480000
Processing entry 4490000
Processing entry 4500000
Processing entry 4510000
Processing entry 4520000
Processing entry 4530000
Processing entry 4540000
Processing entry 4550000
Processing entry 4560000
Processing entry 4570000
Processing entry 4580000
Processing entry 4590000
Processing entry 4600000
Processing entry 4610000
Processing entry 4620000
Processing entry 4630000
Processing entry 4640000
Processing entry 4650000
Processing entry 4660000
Processing entry 4670000
Processing entry 4680000
Processing entry 4690000
Processing entry 4700000
Processing entry 4710000
Processing entry 4720000
Processing entry 4730000
Processing entry 4740000
Processing entry 4750000
Processing entry 4760000
Processing entry 4770000
Processing entry 4780000
Processing entry 4790000
Processing entry 4800000
Processing entry 4810000
Processing entry 4820000
Processing entry 4830000
Processing entry 4840000
Processing entry 4850000
Processing entry 4860000
Processing entry 4870000
Processing entry 4880000
Processing entry 4890000
Processing entry 4900000
Processing entry 4910000
Processing entry 4920000
Processing entry 4930000
Processing entry 4940000
Processing entry 4950000
Processing entry 4960000
Processing entry 4970000
Processing entry 4980000
Processing entry 4990000
Processing entry 5000000
Processing entry 5010000
Processing entry 5020000
Processing entry 5030000
Processing entry 5040000
Processing entry 5050000
Processing entry 5060000
Processing entry 5070000
Processing entry 5080000
Processing entry 5090000
Processing entry 5100000
Processing entry 5110000
Processing entry 5120000
Processing entry 5130000
Processing entry 5140000
Processing entry 5150000
Processing entry 5160000
Processing entry 5170000
Processing entry 5180000
Processing entry 5190000
Processing entry 5200000
Processing entry 5210000
Processing entry 5220000
Processing entry 5230000
Processing entry 5240000
Processing entry 5250000
Processing entry 5260000
Processing entry 5270000
Processing entry 5280000
Processing entry 5290000
Processing entry 5300000
Processing entry 5310000
Processing entry 5320000
Processing entry 5330000
Processing entry 5340000
Processing entry 5350000
Processing entry 5360000
Processing entry 5370000
Processing entry 5380000
Processing entry 5390000
Processing entry 5400000
Processing entry 5410000
Processing entry 5420000
Processing entry 5430000
Processing entry 5440000
Processing entry 5450000
Processing entry 5460000
Processing entry 5470000
Processing entry 5480000
Processing entry 5490000
Processing entry 5500000
Processing entry 5510000
Processing entry 5520000
Processing entry 5530000
Processing entry 5540000
Processing entry 5550000
Processing entry 5560000
Processing entry 5570000
Processing entry 5580000
Processing entry 5590000
Processing entry 5600000
Processing entry 5610000
Processing entry 5620000
Processing entry 5630000
Processing entry 5640000
Processing entry 5650000
Processing entry 5660000
Processing entry 5670000
Processing entry 5680000
Processing entry 5690000
Processing entry 5700000
Processing entry 5710000
Processing entry 5720000
Processing entry 5730000
Processing entry 5740000
Processing entry 5750000
Processing entry 5760000
Processing entry 5770000
Processing entry 5780000
Processing entry 5790000
Processing entry 5800000
Processing entry 5810000
Processing entry 5820000
Processing entry 5830000
Processing entry 5840000
Processing entry 5850000
Processing entry 5860000
Processing entry 5870000
Processing entry 5880000
Processing entry 5890000
Processing entry 5900000
Processing entry 5910000
Processing entry 5920000
Processing entry 5930000
Processing entry 5940000
Processing entry 5950000
Processing entry 5960000
Processing entry 5970000
Processing entry 5980000
Processing entry 5990000
Processing entry 6000000
Processing entry 6010000
Processing entry 6020000
Processing entry 6030000
Processing entry 6040000
Processing entry 6050000
Processing entry 6060000
Processing entry 6070000
Processing entry 6080000
Processing entry 6090000
Processing entry 6100000
Processing entry 6110000
Processing entry 6120000
Processing entry 6130000
Processing entry 6140000
Processing entry 6150000
Processing entry 6160000
Processing entry 6170000
Processing entry 6180000
Processing entry 6190000
Processing entry 6200000
Processing entry 6210000
Processing entry 6220000
Processing entry 6230000
Processing entry 6240000
Processing entry 6250000
Processing entry 6260000
Processing entry 6270000
Processing entry 6280000
Processing entry 6290000
Processing entry 6300000
Processing entry 6310000
Processing entry 6320000
Processing entry 6330000
Processing entry 6340000
Processing entry 6350000
Processing entry 6360000
Processing entry 6370000
Processing entry 6380000
Processing entry 6390000
Processing entry 6400000
Processing entry 6410000
Processing entry 6420000
Processing entry 6430000
Processing entry 6440000
Processing entry 6450000
Processing entry 6460000
Processing entry 6470000
Processing entry 6480000
Processing entry 6490000
Processing entry 6500000
Processing entry 6510000
Processing entry 6520000
Processing entry 6530000
Processing entry 6540000
Processing entry 6550000
Processing entry 6560000
Processing entry 6570000
Processing entry 6580000
Processing entry 6590000
Processing entry 6600000
Processing entry 6610000
Processing entry 6620000
Processing entry 6630000
Processing entry 6640000
Processing entry 6650000
Processing entry 6660000
Processing entry 6670000
Processing entry 6680000
Processing entry 6690000
Processing entry 6700000
Processing entry 6710000
Processing entry 6720000
Processing entry 6730000
Processing entry 6740000
Processing entry 6750000
Processing entry 6760000
Processing entry 6770000
Processing entry 6780000
Processing entry 6790000
Processing entry 6800000
Processing entry 6810000
Processing entry 6820000
Processing entry 6830000
Processing entry 6840000
Processing entry 6850000
Processing entry 6860000
Processing entry 6870000
Processing entry 6880000
Processing entry 6890000
Processing entry 6900000
Processing entry 6910000
Processing entry 6920000
Processing entry 6930000
Processing entry 6940000
Processing entry 6950000
Processing entry 6960000
Processing entry 6970000
Processing entry 6980000
Processing entry 6990000
Processing entry 7000000
Processing entry 7010000
Processing entry 7020000
Processing entry 7030000
Processing entry 7040000
Processing entry 7050000
Processing entry 7060000
Processing entry 7070000
Processing entry 7080000
Processing entry 7090000
Processing entry 7100000
Processing entry 7110000
Processing entry 7120000
Processing entry 7130000
Processing entry 7140000
Processing entry 7150000
Processing entry 7160000
Processing entry 7170000
Processing entry 7180000
Processing entry 7190000
Processing entry 7200000
Processing entry 7210000
Processing entry 7220000
Processing entry 7230000
Processing entry 7240000
Processing entry 7250000
Processing entry 7260000
Processing entry 7270000
Processing entry 7280000
Processing entry 7290000
Processing entry 7300000
Processing entry 7310000
Processing entry 7320000
Processing entry 7330000
Processing entry 7340000
Processing entry 7350000
Processing entry 7360000
Processing entry 7370000
Processing entry 7380000
Processing entry 7390000
Processing entry 7400000
Processing entry 7410000
Processing entry 7420000
Processing entry 7430000
Processing entry 7440000
Processing entry 7450000
Processing entry 7460000
Processing entry 7470000
Processing entry 7480000
Processing entry 7490000
Processing entry 7500000
Processing entry 7510000
Processing entry 7520000
Processing entry 7530000
Processing entry 7540000
Processing entry 7550000
Processing entry 7560000
Processing entry 7570000
Processing entry 7580000
Processing entry 7590000
Processing entry 7600000
Processing entry 7610000
Processing entry 7620000
Processing entry 7630000
Processing entry 7640000
Processing entry 7650000
Processing entry 7660000
Processing entry 7670000
Processing entry 7680000
Processing entry 7690000
Processing entry 7700000
Processing entry 7710000
Processing entry 7720000
Processing entry 7730000
Processing entry 7740000
Processing entry 7750000
Processing entry 7760000
Processing entry 7770000
Processing entry 7780000
Processing entry 7790000
Processing entry 7800000
Processing entry 7810000
Processing entry 7820000
Processing entry 7830000
Processing entry 7840000
Processing entry 7850000
Processing entry 7860000
Processing entry 7870000
Processing entry 7880000
Processing entry 7890000
Processing entry 7900000
Processing entry 7910000
Processing entry 7920000
Processing entry 7930000
Processing entry 7940000
Processing entry 7950000
Processing entry 7960000
Processing entry 7970000
Processing entry 7980000
Processing entry 7990000
Processing entry 8000000
Processing entry 8010000
Processing entry 8020000
Processing entry 8030000
Processing entry 8040000
Processing entry 8050000
Processing entry 8060000
Processing entry 8070000
Processing entry 8080000
Processing entry 8090000
Processing entry 8100000
Processing entry 8110000
Processing entry 8120000
Processing entry 8130000
Processing entry 8140000
Processing entry 8150000
Processing entry 8160000
Processing entry 8170000
Processing entry 8180000
Processing entry 8190000
Processing entry 8200000
Processing entry 8210000
Processing entry 8220000
Processing entry 8230000
Processing entry 8240000
Processing entry 8250000
Processing entry 8260000
Processing entry 8270000
Processing entry 8280000
Processing entry 8290000
Processing entry 8300000
Processing entry 8310000
Processing entry 8320000
Processing entry 8330000
Processing entry 8340000
Processing entry 8350000
Processing entry 8360000
Processing entry 8370000
Processing entry 8380000
Processing entry 8390000
Processing entry 8400000
Processing entry 8410000
Processing entry 8420000
Processing entry 8430000
Processing entry 8440000
Processing entry 8450000
Processing entry 8460000
Processing entry 8470000
Processing entry 8480000
Processing entry 8490000
Processing entry 8500000
Processing entry 8510000
Processing entry 8520000
Processing entry 8530000
Processing entry 8540000
Processing entry 8550000
Processing entry 8560000
Processing entry 8570000
Processing entry 8580000
Processing entry 8590000
Processing entry 8600000
Processing entry 8610000
Processing entry 8620000
Processing entry 8630000
Processing entry 8640000
Processing entry 8650000
Processing entry 8660000
Processing entry 8670000
Processing entry 8680000
Processing entry 8690000
Processing entry 8700000
Processing entry 8710000
Processing entry 8720000
Processing entry 8730000
Processing entry 8740000
Processing entry 8750000
Processing entry 8760000
Processing entry 8770000
Processing entry 8780000
Processing entry 8790000
Processing entry 8800000
Processing entry 8810000
Processing entry 8820000
Processing entry 8830000
Processing entry 8840000
Processing entry 8850000
Processing entry 8860000
Processing entry 8870000
Processing entry 8880000
Processing entry 8890000
Processing entry 8900000
Processing entry 8910000
Processing entry 8920000
Processing entry 8930000
Processing entry 8940000
Processing entry 8950000
Processing entry 8960000
Processing entry 8970000
Processing entry 8980000
Processing entry 8990000
Processing entry 9000000
Processing entry 9010000
Processing entry 9020000
Processing entry 9030000
Processing entry 9040000
Processing entry 9050000
Processing entry 9060000
Processing entry 9070000
Processing entry 9080000
Processing entry 9090000
Processing entry 9100000
Processing entry 9110000
Processing entry 9120000
Processing entry 9130000
Processing entry 9140000
Processing entry 9150000
Processing entry 9160000
Processing entry 9170000
Processing entry 9180000
Processing entry 9190000
Processing entry 9200000
Processing entry 9210000
Processing entry 9220000
Processing entry 9230000
Processing entry 9240000
Processing entry 9250000
Processing entry 9260000
Processing entry 9270000
Processing entry 9280000
Processing entry 9290000
Processing entry 9300000
Processing entry 9310000
Processing entry 9320000
Processing entry 9330000
Processing entry 9340000
Processing entry 9350000
Processing entry 9360000
Processing entry 9370000
Processing entry 9380000
Processing entry 9390000
Processing entry 9400000
Processing entry 9410000
Processing entry 9420000
Processing entry 9430000
Processing entry 9440000
Processing entry 9450000
Processing entry 9460000
Processing entry 9470000
Processing entry 9480000
Processing entry 9490000
Processing entry 9500000
Processing entry 9510000
Processing entry 9520000
Processing entry 9530000
Processing entry 9540000
Processing entry 9550000
Processing entry 9560000
Processing entry 9570000
Processing entry 9580000
Processing entry 9590000
Processing entry 9600000
Processing entry 9610000
Processing entry 9620000
Processing entry 9630000
Processing entry 9640000
Processing entry 9650000
Processing entry 9660000
Processing entry 9670000
Processing entry 9680000
Processing entry 9690000
Processing entry 9700000
Processing entry 9710000
Processing entry 9720000
Processing entry 9730000
Processing entry 9740000
Processing entry 9750000
Processing entry 9760000
Processing entry 9770000
Processing entry 9780000
Processing entry 9790000
Processing entry 9800000
Processing entry 9810000
Processing entry 9820000
Processing entry 9830000
Processing entry 9840000
Processing entry 9850000
Processing entry 9860000
Processing entry 9870000
Processing entry 9880000
Processing entry 9890000
Processing entry 9900000
Processing entry 9910000
Processing entry 9920000
Processing entry 9930000
Processing entry 9940000
Processing entry 9950000
Processing entry 9960000
Processing entry 9970000
Processing entry 9980000
Processing entry 9990000
Processing entry 10000000
Processing entry 10010000
Processing entry 10020000
Processing entry 10030000
Processing entry 10040000
Processing entry 10050000
Processing entry 10060000
Processing entry 10070000
Processing entry 10080000
Processing entry 10090000
Processing entry 10100000
Processing entry 10110000
Processing entry 10120000
Processing entry 10130000
Processing entry 10140000
Processing entry 10150000
Processing entry 10160000
Processing entry 10170000
Processing entry 10180000
Processing entry 10190000
Processing entry 10200000
Processing entry 10210000
Processing entry 10220000
Processing entry 10230000
Processing entry 10240000
Processing entry 10250000
Processing entry 10260000
Processing entry 10270000
Processing entry 10280000
Processing entry 10290000
Processing entry 10300000
Processing entry 10310000
Processing entry 10320000
Processing entry 10330000
Processing entry 10340000
Processing entry 10350000
Processing entry 10360000
Processing entry 10370000
Processing entry 10380000
Processing entry 10390000
Processing entry 10400000
Processing entry 10410000
Processing entry 10420000
Processing entry 10430000
Processing entry 10440000
Processing entry 10450000
Processing entry 10460000
Processing entry 10470000
Processing entry 10480000
Processing entry 10490000
Processing entry 10500000
Processing entry 10510000
Processing entry 10520000
Processing entry 10530000
Processing entry 10540000
Processing entry 10550000
Processing entry 10560000
Processing entry 10570000
Processing entry 10580000
Processing entry 10590000
Processing entry 10600000
Processing entry 10610000
Processing entry 10620000
Processing entry 10630000
Processing entry 10640000
Processing entry 10650000
Processing entry 10660000
Processing entry 10670000
Processing entry 10680000
Processing entry 10690000
Processing entry 10700000
Processing entry 10710000
Processing entry 10720000
Processing entry 10730000
Processing entry 10740000
Processing entry 10750000
Processing entry 10760000
Processing entry 10770000
Processing entry 10780000
Processing entry 10790000
Processing entry 10800000
Processing entry 10810000
Processing entry 10820000
Processing entry 10830000
Processing entry 10840000
Processing entry 10850000
Processing entry 10860000
Processing entry 10870000
Processing entry 10880000
Processing entry 10890000
Processing entry 10900000
Processing entry 10910000
Processing entry 10920000
Processing entry 10930000
Processing entry 10940000
Processing entry 10950000
Processing entry 10960000
Processing entry 10970000
Processing entry 10980000
Processing entry 10990000
Processing entry 11000000
Processing entry 11010000
Processing entry 11020000
Processing entry 11030000
Processing entry 11040000
Processing entry 11050000
Processing entry 11060000
Processing entry 11070000
Processing entry 11080000
Processing entry 11090000
Processing entry 11100000
Processing entry 11110000
Processing entry 11120000
Processing entry 11130000
Processing entry 11140000
Processing entry 11150000
Processing entry 11160000
Processing entry 11170000
Processing entry 11180000
Processing entry 11190000
Processing entry 11200000
Processing entry 11210000
Processing entry 11220000
Processing entry 11230000
Processing entry 11240000
Processing entry 11250000
Processing entry 11260000
Processing entry 11270000
Processing entry 11280000
Processing entry 11290000
Processing entry 11300000
Processing entry 11310000
Processing entry 11320000
Processing entry 11330000
Processing entry 11340000
Processing entry 11350000
Processing entry 11360000
Processing entry 11370000
Processing entry 11380000
Processing entry 11390000
Processing entry 11400000
Processing entry 11410000
Processing entry 11420000
Processing entry 11430000
Processing entry 11440000
Processing entry 11450000
Processing entry 11460000
Processing entry 11470000
Processing entry 11480000
Processing entry 11490000
Processing entry 11500000
Processing entry 11510000
Processing entry 11520000
Processing entry 11530000
Processing entry 11540000
Processing entry 11550000
Processing entry 11560000
Processing entry 11570000
Processing entry 11580000
Processing entry 11590000
Processing entry 11600000
Processing entry 11610000
Processing entry 11620000
Processing entry 11630000
Processing entry 11640000
Processing entry 11650000
Processing entry 11660000
Processing entry 11670000
Processing entry 11680000
Processing entry 11690000
Processing entry 11700000
Processing entry 11710000
Processing entry 11720000
Processing entry 11730000
Processing entry 11740000
Processing entry 11750000
Processing entry 11760000
Processing entry 11770000
Processing entry 11780000
Processing entry 11790000
Processing entry 11800000
Processing entry 11810000
Processing entry 11820000
Processing entry 11830000
Processing entry 11840000
Processing entry 11850000
Processing entry 11860000
Processing entry 11870000
Processing entry 11880000
Processing entry 11890000
Processing entry 11900000
Processing entry 11910000
Processing entry 11920000
Processing entry 11930000
Processing entry 11940000
Processing entry 11950000
Processing entry 11960000
Processing entry 11970000
Processing entry 11980000
Processing entry 11990000
Processing entry 12000000
Processing entry 12010000
Processing entry 12020000
Processing entry 12030000
Processing entry 12040000
Processing entry 12050000
Processing entry 12060000
Processing entry 12070000
Processing entry 12080000
Processing entry 12090000
Processing entry 12100000
Processing entry 12110000
Processing entry 12120000
Processing entry 12130000
Processing entry 12140000
Processing entry 12150000
Processing entry 12160000
Processing entry 12170000
Processing entry 12180000
Processing entry 12190000
Processing entry 12200000
Processing entry 12210000
Processing entry 12220000
Processing entry 12230000
Processing entry 12240000
Processing entry 12250000
Processing entry 12260000
Processing entry 12270000
Processing entry 12280000
Processing entry 12290000
Processing entry 12300000
Processing entry 12310000
Processing entry 12320000
Processing entry 12330000
Processing entry 12340000
Processing entry 12350000
Processing entry 12360000
Processing entry 12370000
Processing entry 12380000
Processing entry 12390000
Processing entry 12400000
Processing entry 12410000
Processing entry 12420000
Processing entry 12430000
Processing entry 12440000
Processing entry 12450000
Processing entry 12460000
Processing entry 12470000
Processing entry 12480000
Processing entry 12490000
Processing entry 12500000
Processing entry 12510000
Processing entry 12520000
Processing entry 12530000
Processing entry 12540000
Processing entry 12550000
Processing entry 12560000
Processing entry 12570000
Processing entry 12580000
Processing entry 12590000
Processing entry 12600000
Processing entry 12610000
Processing entry 12620000
Processing entry 12630000
Processing entry 12640000
Processing entry 12650000
Processing entry 12660000
Processing entry 12670000
Processing entry 12680000
Processing entry 12690000
Processing entry 12700000
Processing entry 12710000
Processing entry 12720000
Processing entry 12730000
Processing entry 12740000
Processing entry 12750000
Processing entry 12760000
Processing entry 12770000
Processing entry 12780000
Processing entry 12790000
Processing entry 12800000
Processing entry 12810000
Processing entry 12820000
Processing entry 12830000
Processing entry 12840000
Processing entry 12850000
Processing entry 12860000
Processing entry 12870000
Processing entry 12880000
Processing entry 12890000
Processing entry 12900000
Processing entry 12910000
Processing entry 12920000
Processing entry 12930000
Processing entry 12940000
Processing entry 12950000
Processing entry 12960000
Processing entry 12970000
Processing entry 12980000
Processing entry 12990000
Processing entry 13000000
Processing entry 13010000
Processing entry 13020000
Processing entry 13030000
Processing entry 13040000
Processing entry 13050000
Processing entry 13060000
Processing entry 13070000
Processing entry 13080000
Processing entry 13090000
Processing entry 13100000
Processing entry 13110000
Processing entry 13120000
Processing entry 13130000
Processing entry 13140000
Processing entry 13150000
Processing entry 13160000
Processing entry 13170000
Processing entry 13180000
Processing entry 13190000
Processing entry 13200000
Processing entry 13210000
Processing entry 13220000
Processing entry 13230000
Processing entry 13240000
Processing entry 13250000
Processing entry 13260000
Processing entry 13270000
Processing entry 13280000
Processing entry 13290000
Processing entry 13300000
Processing entry 13310000
Processing entry 13320000
Processing entry 13330000
Processing entry 13340000
Processing entry 13350000
Processing entry 13360000
Processing entry 13370000
Processing entry 13380000
Processing entry 13390000
Processing entry 13400000
Processing entry 13410000
Processing entry 13420000
Processing entry 13430000
Processing entry 13440000
Processing entry 13450000
Processing entry 13460000
Processing entry 13470000
Processing entry 13480000
Processing entry 13490000
Processing entry 13500000
Processing entry 13510000
Processing entry 13520000
Processing entry 13530000
Processing entry 13540000
Processing entry 13550000
Processing entry 13560000
Processing entry 13570000
Processing entry 13580000
Processing entry 13590000
Processing entry 13600000
Processing entry 13610000
Processing entry 13620000
Processing entry 13630000
Processing entry 13640000
Processing entry 13650000
Processing entry 13660000
Processing entry 13670000
Processing entry 13680000
Processing entry 13690000
Processing entry 13700000
Processing entry 13710000
Processing entry 13720000
Processing entry 13730000
Processing entry 13740000
Processing entry 13750000
Processing entry 13760000
Processing entry 13770000
Processing entry 13780000
Processing entry 13790000
Processing entry 13800000
Processing entry 13810000
Processing entry 13820000
Processing entry 13830000
Processing entry 13840000
Processing entry 13850000
Processing entry 13860000
Processing entry 13870000
Processing entry 13880000
Processing entry 13890000
Processing entry 13900000
Processing entry 13910000
Processing entry 13920000
Processing entry 13930000
Processing entry 13940000
Processing entry 13950000
Processing entry 13960000
Processing entry 13970000
Processing entry 13980000
Processing entry 13990000
Processing entry 14000000
Processing entry 14010000
Processing entry 14020000
Processing entry 14030000
Processing entry 14040000
Processing entry 14050000
Processing entry 14060000
Processing entry 14070000
Processing entry 14080000
Processing entry 14090000
Processing entry 14100000
Processing entry 14110000
Processing entry 14120000
Processing entry 14130000
Processing entry 14140000
Processing entry 14150000
Processing entry 14160000
Processing entry 14170000
Processing entry 14180000
Processing entry 14190000
Processing entry 14200000
Processing entry 14210000
Processing entry 14220000
Processing entry 14230000
Processing entry 14240000
Processing entry 14250000
Processing entry 14260000
Processing entry 14270000
Processing entry 14280000
Processing entry 14290000
Processing entry 14300000
Processing entry 14310000
Processing entry 14320000
Processing entry 14330000
Processing entry 14340000
Processing entry 14350000
Processing entry 14360000
Processing entry 14370000
Processing entry 14380000
Processing entry 14390000
Processing entry 14400000
Processing entry 14410000
Processing entry 14420000
Processing entry 14430000
Processing entry 14440000
Processing entry 14450000
Processing entry 14460000
Processing entry 14470000
Processing entry 14480000
Processing entry 14490000
Processing entry 14500000
Processing entry 14510000
Processing entry 14520000
Processing entry 14530000
Processing entry 14540000
Processing entry 14550000
Processing entry 14560000
Processing entry 14570000
Processing entry 14580000
Processing entry 14590000
Processing entry 14600000
Processing entry 14610000
Processing entry 14620000
Processing entry 14630000
Processing entry 14640000
Processing entry 14650000
Processing entry 14660000
Processing entry 14670000
Processing entry 14680000
Processing entry 14690000
Processing entry 14700000
Real time: 60.28 minutes
CPU time:  37.67 minutes
