gecam005.ihep.ac.cn
/publicfs/cms/user/wangzebing/ALP/Analysis_code/TheoryUnc
lhws079.ihep.ac.cn
/publicfs/cms/user/wangzebing/ALP/Analysis_code/TheoryUnc
lhws100.ihep.ac.cn
/publicfs/cms/user/wangzebing/ALP/Analysis_code/TheoryUnc
Total number of events: 118000
events weight: 0.0304237288136
events : 118000
Processing entry 0
Processing entry 10000
Processing entry 20000
Processing entry 30000
Processing entry 40000
Processing entry 50000
Processing entry 60000
Processing entry 70000
Processing entry 80000
Processing entry 90000
Processing entry 100000
Processing entry 110000
Real time: 3.56 minutes
CPU time:  3.13 minutes
Total number of events: 130000
events weight: 0.0276153846154
events : 130000
Processing entry 0
Processing entry 10000
Processing entry 20000
Processing entry 30000
Processing entry 40000
Processing entry 50000
Processing entry 60000
Processing entry 70000
Processing entry 80000
Processing entry 90000
Processing entry 100000
Processing entry 110000
Processing entry 120000
Real time: 3.99 minutes
CPU time:  3.43 minutes
Total number of events: 272000
events weight: 0.0131985294118
events : 272000
Processing entry 0
Processing entry 10000
Processing entry 20000
Processing entry 30000
Processing entry 40000
Processing entry 50000
Processing entry 60000
Processing entry 70000
Processing entry 80000
Processing entry 90000
Processing entry 100000
Processing entry 110000
Processing entry 120000
Processing entry 130000
Processing entry 140000
Processing entry 150000
Processing entry 160000
Processing entry 170000
Processing entry 180000
Processing entry 190000
Processing entry 200000
Processing entry 210000
Processing entry 220000
Processing entry 230000
Processing entry 240000
Processing entry 250000
Processing entry 260000
Processing entry 270000
Real time: 7.39 minutes
CPU time:  6.77 minutes
Total number of events: 308000
events weight: 0.0116558441558
events : 308000
Processing entry 0
Processing entry 10000
Processing entry 20000
Processing entry 30000
Processing entry 40000
Processing entry 50000
Processing entry 60000
Processing entry 70000
Processing entry 80000
Processing entry 90000
Processing entry 100000
Processing entry 110000
Processing entry 120000
Processing entry 130000
Processing entry 140000
Processing entry 150000
Processing entry 160000
Processing entry 170000
Processing entry 180000
Processing entry 190000
Processing entry 200000
Processing entry 210000
Processing entry 220000
Processing entry 230000
Processing entry 240000
Processing entry 250000
Processing entry 260000
Processing entry 270000
Processing entry 280000
Processing entry 290000
Processing entry 300000
Real time: 8.1 minutes
CPU time:  7.87 minutes
