gecam001.ihep.ac.cn
/publicfs/cms/user/wangzebing/ALP/Analysis_code/TheoryUnc
lhws076.ihep.ac.cn
/publicfs/cms/user/wangzebing/ALP/Analysis_code/TheoryUnc
lhws105.ihep.ac.cn
/publicfs/cms/user/wangzebing/ALP/Analysis_code/TheoryUnc
Total number of events: 104000
events weight: 0.0345192307692
events : 104000
Processing entry 0
Processing entry 10000
Processing entry 20000
Processing entry 30000
Processing entry 40000
Processing entry 50000
Processing entry 60000
Processing entry 70000
Processing entry 80000
Processing entry 90000
Processing entry 100000
Real time: 2.75 minutes
CPU time:  2.54 minutes
Total number of events: 148000
events weight: 0.0242567567568
events : 148000
Processing entry 0
Processing entry 10000
Processing entry 20000
Processing entry 30000
Processing entry 40000
Processing entry 50000
Processing entry 60000
Processing entry 70000
Processing entry 80000
Processing entry 90000
Processing entry 100000
Processing entry 110000
Processing entry 120000
Processing entry 130000
Processing entry 140000
Real time: 4.66 minutes
CPU time:  3.8 minutes
Total number of events: 237000
events weight: 0.0151476793249
events : 237000
Processing entry 0
Processing entry 10000
Processing entry 20000
Processing entry 30000
Processing entry 40000
Processing entry 50000
Processing entry 60000
Processing entry 70000
Processing entry 80000
Processing entry 90000
Processing entry 100000
Processing entry 110000
Processing entry 120000
Processing entry 130000
Processing entry 140000
Processing entry 150000
Processing entry 160000
Processing entry 170000
Processing entry 180000
Processing entry 190000
Processing entry 200000
Processing entry 210000
Processing entry 220000
Processing entry 230000
Real time: 6.32 minutes
CPU time:  6.12 minutes
Total number of events: 245000
events weight: 0.0146530612245
events : 245000
Processing entry 0
Processing entry 10000
Processing entry 20000
Processing entry 30000
Processing entry 40000
Processing entry 50000
Processing entry 60000
Processing entry 70000
Processing entry 80000
Processing entry 90000
Processing entry 100000
Processing entry 110000
Processing entry 120000
Processing entry 130000
Processing entry 140000
Processing entry 150000
Processing entry 160000
Processing entry 170000
Processing entry 180000
Processing entry 190000
Processing entry 200000
Processing entry 210000
Processing entry 220000
Processing entry 230000
Processing entry 240000
Real time: 6.28 minutes
CPU time:  6.07 minutes
