cws055.ihep.ac.cn
/publicfs/cms/user/wangzebing/ALP/Analysis_code/TheoryUnc
ams017.ihep.ac.cn
/publicfs/cms/user/wangzebing/ALP/Analysis_code/TheoryUnc
ams018.ihep.ac.cn
/publicfs/cms/user/wangzebing/ALP/Analysis_code/TheoryUnc
ams019.ihep.ac.cn
/publicfs/cms/user/wangzebing/ALP/Analysis_code/TheoryUnc
Total number of events: 106000
events weight: 0.0338679245283
events : 106000
Processing entry 0
Processing entry 10000
Processing entry 20000
Processing entry 30000
Processing entry 40000
Processing entry 50000
Processing entry 60000
Processing entry 70000
Processing entry 80000
Processing entry 90000
Processing entry 100000
Real time: 2.79 minutes
CPU time:  2.68 minutes
Total number of events: 143000
events weight: 0.0251048951049
events : 143000
Processing entry 0
Processing entry 10000
Processing entry 20000
Processing entry 30000
Processing entry 40000
Processing entry 50000
Processing entry 60000
Processing entry 70000
Processing entry 80000
Processing entry 90000
Processing entry 100000
Processing entry 110000
Processing entry 120000
Processing entry 130000
Processing entry 140000
Real time: 6.55 minutes
CPU time:  6.47 minutes
Total number of events: 249000
events weight: 0.0144176706827
events : 249000
Processing entry 0
Processing entry 10000
Processing entry 20000
Processing entry 30000
Processing entry 40000
Processing entry 50000
Processing entry 60000
Processing entry 70000
Processing entry 80000
Processing entry 90000
Processing entry 100000
Processing entry 110000
Processing entry 120000
Processing entry 130000
Processing entry 140000
Processing entry 150000
Processing entry 160000
Processing entry 170000
Processing entry 180000
Processing entry 190000
Processing entry 200000
Processing entry 210000
Processing entry 220000
Processing entry 230000
Processing entry 240000
Real time: 6.72 minutes
CPU time:  6.54 minutes
Total number of events: 261000
events weight: 0.013754789272
events : 261000
Processing entry 0
Processing entry 10000
Processing entry 20000
Processing entry 30000
Processing entry 40000
Processing entry 50000
Processing entry 60000
Processing entry 70000
Processing entry 80000
Processing entry 90000
Processing entry 100000
Processing entry 110000
Processing entry 120000
Processing entry 130000
Processing entry 140000
Processing entry 150000
Processing entry 160000
Processing entry 170000
Processing entry 180000
Processing entry 190000
Processing entry 200000
Processing entry 210000
Processing entry 220000
Processing entry 230000
Processing entry 240000
Processing entry 250000
Processing entry 260000
Real time: 6.89 minutes
CPU time:  6.73 minutes
