lhws085.ihep.ac.cn
/publicfs/cms/user/wangzebing/ALP/Analysis_code/TheoryUnc
lhws082.ihep.ac.cn
/publicfs/cms/user/wangzebing/ALP/Analysis_code/TheoryUnc
lhws086.ihep.ac.cn
/publicfs/cms/user/wangzebing/ALP/Analysis_code/TheoryUnc
lhws094.ihep.ac.cn
/publicfs/cms/user/wangzebing/ALP/Analysis_code/TheoryUnc
Total number of events: 118000
events weight: 0.0304237288136
events : 118000
Processing entry 0
Processing entry 10000
Processing entry 20000
Processing entry 30000
Processing entry 40000
Processing entry 50000
Processing entry 60000
Processing entry 70000
Processing entry 80000
Processing entry 90000
Processing entry 100000
Processing entry 110000
Real time: 3.37 minutes
CPU time:  3.13 minutes
Total number of events: 122000
events weight: 0.0294262295082
events : 122000
Processing entry 0
Processing entry 10000
Processing entry 20000
Processing entry 30000
Processing entry 40000
Processing entry 50000
Processing entry 60000
Processing entry 70000
Processing entry 80000
Processing entry 90000
Processing entry 100000
Processing entry 110000
Processing entry 120000
Real time: 4.08 minutes
CPU time:  3.23 minutes
Total number of events: 226000
events weight: 0.0158849557522
events : 226000
Processing entry 0
Processing entry 10000
Processing entry 20000
Processing entry 30000
Processing entry 40000
Processing entry 50000
Processing entry 60000
Processing entry 70000
Processing entry 80000
Processing entry 90000
Processing entry 100000
Processing entry 110000
Processing entry 120000
Processing entry 130000
Processing entry 140000
Processing entry 150000
Processing entry 160000
Processing entry 170000
Processing entry 180000
Processing entry 190000
Processing entry 200000
Processing entry 210000
Processing entry 220000
Real time: 6.14 minutes
CPU time:  5.69 minutes
Total number of events: 261000
events weight: 0.013754789272
events : 261000
Processing entry 0
Processing entry 10000
Processing entry 20000
Processing entry 30000
Processing entry 40000
Processing entry 50000
Processing entry 60000
Processing entry 70000
Processing entry 80000
Processing entry 90000
Processing entry 100000
Processing entry 110000
Processing entry 120000
Processing entry 130000
Processing entry 140000
Processing entry 150000
Processing entry 160000
Processing entry 170000
Processing entry 180000
Processing entry 190000
Processing entry 200000
Processing entry 210000
Processing entry 220000
Processing entry 230000
Processing entry 240000
Processing entry 250000
Processing entry 260000
Real time: 7.36 minutes
CPU time:  6.79 minutes
