lhws105.ihep.ac.cn
/publicfs/cms/user/wangzebing/ALP/Analysis_code/TheoryUnc
Total number of events: 112000
events weight: 0.0320535714286
events : 112000
Processing entry 0
Processing entry 10000
Processing entry 20000
Processing entry 30000
Processing entry 40000
Processing entry 50000
Processing entry 60000
Processing entry 70000
Processing entry 80000
Processing entry 90000
Processing entry 100000
Processing entry 110000
Real time: 3.29 minutes
CPU time:  2.86 minutes
Total number of events: 166000
events weight: 0.0216265060241
events : 166000
Processing entry 0
Processing entry 10000
Processing entry 20000
Processing entry 30000
Processing entry 40000
Processing entry 50000
Processing entry 60000
Processing entry 70000
Processing entry 80000
Processing entry 90000
Processing entry 100000
Processing entry 110000
Processing entry 120000
Processing entry 130000
Processing entry 140000
Processing entry 150000
Processing entry 160000
Real time: 4.12 minutes
CPU time:  3.96 minutes
Total number of events: 287000
events weight: 0.0125087108014
events : 287000
Processing entry 0
Processing entry 10000
Processing entry 20000
Processing entry 30000
Processing entry 40000
Processing entry 50000
Processing entry 60000
Processing entry 70000
Processing entry 80000
Processing entry 90000
Processing entry 100000
Processing entry 110000
Processing entry 120000
Processing entry 130000
Processing entry 140000
Processing entry 150000
Processing entry 160000
Processing entry 170000
Processing entry 180000
Processing entry 190000
Processing entry 200000
Processing entry 210000
Processing entry 220000
Processing entry 230000
Processing entry 240000
Processing entry 250000
Processing entry 260000
Processing entry 270000
Processing entry 280000
Real time: 7.65 minutes
CPU time:  7.02 minutes
Total number of events: 290000
events weight: 0.0123793103448
events : 290000
Processing entry 0
Processing entry 10000
Processing entry 20000
Processing entry 30000
Processing entry 40000
Processing entry 50000
Processing entry 60000
Processing entry 70000
Processing entry 80000
Processing entry 90000
Processing entry 100000
Processing entry 110000
Processing entry 120000
Processing entry 130000
Processing entry 140000
Processing entry 150000
Processing entry 160000
Processing entry 170000
Processing entry 180000
Processing entry 190000
Processing entry 200000
Processing entry 210000
Processing entry 220000
Processing entry 230000
Processing entry 240000
Processing entry 250000
Processing entry 260000
Processing entry 270000
Processing entry 280000
Real time: 7.96 minutes
CPU time:  7.35 minutes
