jnws004.ihep.ac.cn
/publicfs/cms/user/wangzebing/ALP/Analysis_code/fit/fit_run2_UL_eff
prepare year: 16
open /publicfs/cms/user/wangzebing/ALP/Analysis_out/UL/16/ALP_M30.root success!
Entries:  14718
[[ INFO ]] prepare ALP mass: 125
[#1] INFO:ObjectHandling -- RooWorkspace::import(CMS_hza_workspace) importing RooRealVar::Sqrts
[#1] INFO:ObjectHandling -- RooWorkspace::import(CMS_hza_workspace) importing RooRealVar::IntLumi
[#1] INFO:ObjectHandling -- RooWorkspace::import(CMS_hza_workspace) importing RooRealVar::CMS_hza_mass
[#1] INFO:ObjectHandling -- RooWorkspace::import(CMS_hza_workspace) importing RooRealVar::CMS_hza_weight
###################################################
  1) 0x9031a10 RooRealVar::   CMS_hza_mass = 125  L(110 - 180)  "CMS_hza_mass"
  2) 0x903f8f0 RooRealVar:: CMS_hza_weight = 450000  L(-100000 - 1e+06)  "CMS_hza_weight"
###################################################
DataStore ggh_125_13TeV_cat0 (ggh_125_13TeV_cat0)
  Contains 1957 entries
  Observables: 
    1)  CMS_hza_mass = 122.238  L(110 - 180)  "CMS_hza_mass"
  Dataset variable "CMS_hza_weight" is interpreted as the event weight
<class 'ROOT.RooArgSet'>
###################################################
[#1] INFO:InputArguments -- RooAbsData::plotOn(ggh_125_13TeV_cat0) INFO: dataset has non-integer weights, auto-selecting SumW2 errors instead of Poisson errors
[#1] INFO:ObjectHandling -- RooWorkspace::import(CMS_hza_workspace) importing dataset ggh_125_13TeV_cat0
[#1] INFO:ObjectHandling -- RooWorkspace::import(CMS_hza_workspace) importing dataset ggh_125_13TeV_cat0_CMS_eff_g_up
[#1] INFO:ObjectHandling -- RooWorkspace::import(CMS_hza_workspace) importing dataset ggh_125_13TeV_cat0_CMS_eff_g_dn
[#1] INFO:ObjectHandling -- RooWorkspace::import(CMS_hza_workspace) importing dataset ggh_125_13TeV_cat0_CMS_pileup_up
[#1] INFO:ObjectHandling -- RooWorkspace::import(CMS_hza_workspace) importing dataset ggh_125_13TeV_cat0_CMS_pileup_dn
[#1] INFO:ObjectHandling -- RooWorkspace::import(CMS_hza_workspace) importing dataset ggh_125_13TeV_cat0_CMS_eff_lep_up
[#1] INFO:ObjectHandling -- RooWorkspace::import(CMS_hza_workspace) importing dataset ggh_125_13TeV_cat0_CMS_eff_lep_dn
[#1] INFO:ObjectHandling -- RooWorkspace::import(CMS_hza_workspace) importing dataset ggh_125_13TeV_cat0_norm
prepare year: 16APV
open /publicfs/cms/user/wangzebing/ALP/Analysis_out/UL/16APV/ALP_M30.root success!
Entries:  17492
[[ INFO ]] prepare ALP mass: 125
[#1] INFO:ObjectHandling -- RooWorkspace::import(CMS_hza_workspace) importing RooRealVar::Sqrts
[#1] INFO:ObjectHandling -- RooWorkspace::import(CMS_hza_workspace) importing RooRealVar::IntLumi
[#1] INFO:ObjectHandling -- RooWorkspace::import(CMS_hza_workspace) importing RooRealVar::CMS_hza_mass
[#1] INFO:ObjectHandling -- RooWorkspace::import(CMS_hza_workspace) importing RooRealVar::CMS_hza_weight
###################################################
  1) 0x8fff2d0 RooRealVar::   CMS_hza_mass = 125  L(110 - 180)  "CMS_hza_mass"
  2) 0x9031a10 RooRealVar:: CMS_hza_weight = 450000  L(-100000 - 1e+06)  "CMS_hza_weight"
###################################################
DataStore ggh_125_13TeV_cat0 (ggh_125_13TeV_cat0)
  Contains 2327 entries
  Observables: 
    1)  CMS_hza_mass = 122.339  L(110 - 180)  "CMS_hza_mass"
  Dataset variable "CMS_hza_weight" is interpreted as the event weight
<class 'ROOT.RooArgSet'>
###################################################
[#1] INFO:InputArguments -- RooAbsData::plotOn(ggh_125_13TeV_cat0) INFO: dataset has non-integer weights, auto-selecting SumW2 errors instead of Poisson errors
[#1] INFO:ObjectHandling -- RooWorkspace::import(CMS_hza_workspace) importing dataset ggh_125_13TeV_cat0
[#1] INFO:ObjectHandling -- RooWorkspace::import(CMS_hza_workspace) importing dataset ggh_125_13TeV_cat0_CMS_eff_g_up
[#1] INFO:ObjectHandling -- RooWorkspace::import(CMS_hza_workspace) importing dataset ggh_125_13TeV_cat0_CMS_eff_g_dn
[#1] INFO:ObjectHandling -- RooWorkspace::import(CMS_hza_workspace) importing dataset ggh_125_13TeV_cat0_CMS_pileup_up
[#1] INFO:ObjectHandling -- RooWorkspace::import(CMS_hza_workspace) importing dataset ggh_125_13TeV_cat0_CMS_pileup_dn
[#1] INFO:ObjectHandling -- RooWorkspace::import(CMS_hza_workspace) importing dataset ggh_125_13TeV_cat0_CMS_eff_lep_up
[#1] INFO:ObjectHandling -- RooWorkspace::import(CMS_hza_workspace) importing dataset ggh_125_13TeV_cat0_CMS_eff_lep_dn
[#1] INFO:ObjectHandling -- RooWorkspace::import(CMS_hza_workspace) importing dataset ggh_125_13TeV_cat0_norm
prepare year: 17
open /publicfs/cms/user/wangzebing/ALP/Analysis_out/UL/17/ALP_M30.root success!
Entries:  33645
[[ INFO ]] prepare ALP mass: 125
[#1] INFO:ObjectHandling -- RooWorkspace::import(CMS_hza_workspace) importing RooRealVar::Sqrts
[#1] INFO:ObjectHandling -- RooWorkspace::import(CMS_hza_workspace) importing RooRealVar::IntLumi
[#1] INFO:ObjectHandling -- RooWorkspace::import(CMS_hza_workspace) importing RooRealVar::CMS_hza_mass
[#1] INFO:ObjectHandling -- RooWorkspace::import(CMS_hza_workspace) importing RooRealVar::CMS_hza_weight
###################################################
  1) 0x9009dd0 RooRealVar::   CMS_hza_mass = 125  L(110 - 180)  "CMS_hza_mass"
  2) 0x8fff2d0 RooRealVar:: CMS_hza_weight = 450000  L(-100000 - 1e+06)  "CMS_hza_weight"
###################################################
DataStore ggh_125_13TeV_cat0 (ggh_125_13TeV_cat0)
  Contains 4042 entries
  Observables: 
    1)  CMS_hza_mass = 123.869  L(110 - 180)  "CMS_hza_mass"
  Dataset variable "CMS_hza_weight" is interpreted as the event weight
<class 'ROOT.RooArgSet'>
###################################################
[#1] INFO:InputArguments -- RooAbsData::plotOn(ggh_125_13TeV_cat0) INFO: dataset has non-integer weights, auto-selecting SumW2 errors instead of Poisson errors
[#1] INFO:ObjectHandling -- RooWorkspace::import(CMS_hza_workspace) importing dataset ggh_125_13TeV_cat0
[#1] INFO:ObjectHandling -- RooWorkspace::import(CMS_hza_workspace) importing dataset ggh_125_13TeV_cat0_CMS_eff_g_up
[#1] INFO:ObjectHandling -- RooWorkspace::import(CMS_hza_workspace) importing dataset ggh_125_13TeV_cat0_CMS_eff_g_dn
[#1] INFO:ObjectHandling -- RooWorkspace::import(CMS_hza_workspace) importing dataset ggh_125_13TeV_cat0_CMS_pileup_up
[#1] INFO:ObjectHandling -- RooWorkspace::import(CMS_hza_workspace) importing dataset ggh_125_13TeV_cat0_CMS_pileup_dn
[#1] INFO:ObjectHandling -- RooWorkspace::import(CMS_hza_workspace) importing dataset ggh_125_13TeV_cat0_CMS_eff_lep_up
[#1] INFO:ObjectHandling -- RooWorkspace::import(CMS_hza_workspace) importing dataset ggh_125_13TeV_cat0_CMS_eff_lep_dn
[#1] INFO:ObjectHandling -- RooWorkspace::import(CMS_hza_workspace) importing dataset ggh_125_13TeV_cat0_norm
prepare year: 18
open /publicfs/cms/user/wangzebing/ALP/Analysis_out/UL/18/ALP_M30.root success!
Entries:  31964
[[ INFO ]] prepare ALP mass: 125
[#1] INFO:ObjectHandling -- RooWorkspace::import(CMS_hza_workspace) importing RooRealVar::Sqrts
[#1] INFO:ObjectHandling -- RooWorkspace::import(CMS_hza_workspace) importing RooRealVar::IntLumi
[#1] INFO:ObjectHandling -- RooWorkspace::import(CMS_hza_workspace) importing RooRealVar::CMS_hza_mass
[#1] INFO:ObjectHandling -- RooWorkspace::import(CMS_hza_workspace) importing RooRealVar::CMS_hza_weight
###################################################
  1) 0x8b7c440 RooRealVar::   CMS_hza_mass = 125  L(110 - 180)  "CMS_hza_mass"
  2) 0x9009dd0 RooRealVar:: CMS_hza_weight = 450000  L(-100000 - 1e+06)  "CMS_hza_weight"
###################################################
DataStore ggh_125_13TeV_cat0 (ggh_125_13TeV_cat0)
  Contains 3644 entries
  Observables: 
    1)  CMS_hza_mass = 123.907  L(110 - 180)  "CMS_hza_mass"
  Dataset variable "CMS_hza_weight" is interpreted as the event weight
<class 'ROOT.RooArgSet'>
###################################################
[#1] INFO:InputArguments -- RooAbsData::plotOn(ggh_125_13TeV_cat0) INFO: dataset has non-integer weights, auto-selecting SumW2 errors instead of Poisson errors
[#1] INFO:ObjectHandling -- RooWorkspace::import(CMS_hza_workspace) importing dataset ggh_125_13TeV_cat0
[#1] INFO:ObjectHandling -- RooWorkspace::import(CMS_hza_workspace) importing dataset ggh_125_13TeV_cat0_CMS_eff_g_up
[#1] INFO:ObjectHandling -- RooWorkspace::import(CMS_hza_workspace) importing dataset ggh_125_13TeV_cat0_CMS_eff_g_dn
[#1] INFO:ObjectHandling -- RooWorkspace::import(CMS_hza_workspace) importing dataset ggh_125_13TeV_cat0_CMS_pileup_up
[#1] INFO:ObjectHandling -- RooWorkspace::import(CMS_hza_workspace) importing dataset ggh_125_13TeV_cat0_CMS_pileup_dn
[#1] INFO:ObjectHandling -- RooWorkspace::import(CMS_hza_workspace) importing dataset ggh_125_13TeV_cat0_CMS_eff_lep_up
[#1] INFO:ObjectHandling -- RooWorkspace::import(CMS_hza_workspace) importing dataset ggh_125_13TeV_cat0_CMS_eff_lep_dn
[#1] INFO:ObjectHandling -- RooWorkspace::import(CMS_hza_workspace) importing dataset ggh_125_13TeV_cat0_norm
prepare year: 16
open /publicfs/cms/user/wangzebing/ALP/Analysis_out/UL/16/ALP_M30.root success!
Entries:  14718
[[ INFO ]] prepare ALP mass: 125
[#1] INFO:ObjectHandling -- RooWorkspace::import(CMS_hza_workspace) importing RooRealVar::Sqrts
[#1] INFO:ObjectHandling -- RooWorkspace::import(CMS_hza_workspace) importing RooRealVar::IntLumi
[#1] INFO:ObjectHandling -- RooWorkspace::import(CMS_hza_workspace) importing RooRealVar::CMS_hza_mass
[#1] INFO:ObjectHandling -- RooWorkspace::import(CMS_hza_workspace) importing RooRealVar::CMS_hza_weight
###################################################
  1) 0x8485810 RooRealVar::   CMS_hza_mass = 125  L(110 - 180)  "CMS_hza_mass"
  2) 0x8594d10 RooRealVar:: CMS_hza_weight = 450000  L(-100000 - 1e+06)  "CMS_hza_weight"
###################################################
DataStore ggh_125_13TeV_cat0 (ggh_125_13TeV_cat0)
  Contains 1420 entries
  Observables: 
    1)  CMS_hza_mass = 122.957  L(110 - 180)  "CMS_hza_mass"
  Dataset variable "CMS_hza_weight" is interpreted as the event weight
<class 'ROOT.RooArgSet'>
###################################################
[#1] INFO:InputArguments -- RooAbsData::plotOn(ggh_125_13TeV_cat0) INFO: dataset has non-integer weights, auto-selecting SumW2 errors instead of Poisson errors
[#1] INFO:ObjectHandling -- RooWorkspace::import(CMS_hza_workspace) importing dataset ggh_125_13TeV_cat0
[#1] INFO:ObjectHandling -- RooWorkspace::import(CMS_hza_workspace) importing dataset ggh_125_13TeV_cat0_CMS_eff_g_up
[#1] INFO:ObjectHandling -- RooWorkspace::import(CMS_hza_workspace) importing dataset ggh_125_13TeV_cat0_CMS_eff_g_dn
[#1] INFO:ObjectHandling -- RooWorkspace::import(CMS_hza_workspace) importing dataset ggh_125_13TeV_cat0_CMS_pileup_up
[#1] INFO:ObjectHandling -- RooWorkspace::import(CMS_hza_workspace) importing dataset ggh_125_13TeV_cat0_CMS_pileup_dn
[#1] INFO:ObjectHandling -- RooWorkspace::import(CMS_hza_workspace) importing dataset ggh_125_13TeV_cat0_CMS_eff_lep_up
[#1] INFO:ObjectHandling -- RooWorkspace::import(CMS_hza_workspace) importing dataset ggh_125_13TeV_cat0_CMS_eff_lep_dn
[#1] INFO:ObjectHandling -- RooWorkspace::import(CMS_hza_workspace) importing dataset ggh_125_13TeV_cat0_norm
prepare year: 16APV
open /publicfs/cms/user/wangzebing/ALP/Analysis_out/UL/16APV/ALP_M30.root success!
Entries:  17492
[[ INFO ]] prepare ALP mass: 125
[#1] INFO:ObjectHandling -- RooWorkspace::import(CMS_hza_workspace) importing RooRealVar::Sqrts
[#1] INFO:ObjectHandling -- RooWorkspace::import(CMS_hza_workspace) importing RooRealVar::IntLumi
[#1] INFO:ObjectHandling -- RooWorkspace::import(CMS_hza_workspace) importing RooRealVar::CMS_hza_mass
[#1] INFO:ObjectHandling -- RooWorkspace::import(CMS_hza_workspace) importing RooRealVar::CMS_hza_weight
###################################################
  1) 0x84a2810 RooRealVar::   CMS_hza_mass = 125  L(110 - 180)  "CMS_hza_mass"
  2) 0x8485810 RooRealVar:: CMS_hza_weight = 450000  L(-100000 - 1e+06)  "CMS_hza_weight"
###################################################
DataStore ggh_125_13TeV_cat0 (ggh_125_13TeV_cat0)
  Contains 1693 entries
  Observables: 
    1)  CMS_hza_mass = 122.873  L(110 - 180)  "CMS_hza_mass"
  Dataset variable "CMS_hza_weight" is interpreted as the event weight
<class 'ROOT.RooArgSet'>
###################################################
[#1] INFO:InputArguments -- RooAbsData::plotOn(ggh_125_13TeV_cat0) INFO: dataset has non-integer weights, auto-selecting SumW2 errors instead of Poisson errors
[#1] INFO:ObjectHandling -- RooWorkspace::import(CMS_hza_workspace) importing dataset ggh_125_13TeV_cat0
[#1] INFO:ObjectHandling -- RooWorkspace::import(CMS_hza_workspace) importing dataset ggh_125_13TeV_cat0_CMS_eff_g_up
[#1] INFO:ObjectHandling -- RooWorkspace::import(CMS_hza_workspace) importing dataset ggh_125_13TeV_cat0_CMS_eff_g_dn
[#1] INFO:ObjectHandling -- RooWorkspace::import(CMS_hza_workspace) importing dataset ggh_125_13TeV_cat0_CMS_pileup_up
[#1] INFO:ObjectHandling -- RooWorkspace::import(CMS_hza_workspace) importing dataset ggh_125_13TeV_cat0_CMS_pileup_dn
[#1] INFO:ObjectHandling -- RooWorkspace::import(CMS_hza_workspace) importing dataset ggh_125_13TeV_cat0_CMS_eff_lep_up
[#1] INFO:ObjectHandling -- RooWorkspace::import(CMS_hza_workspace) importing dataset ggh_125_13TeV_cat0_CMS_eff_lep_dn
[#1] INFO:ObjectHandling -- RooWorkspace::import(CMS_hza_workspace) importing dataset ggh_125_13TeV_cat0_norm
prepare year: 17
open /publicfs/cms/user/wangzebing/ALP/Analysis_out/UL/17/ALP_M30.root success!
Entries:  33645
[[ INFO ]] prepare ALP mass: 125
[#1] INFO:ObjectHandling -- RooWorkspace::import(CMS_hza_workspace) importing RooRealVar::Sqrts
[#1] INFO:ObjectHandling -- RooWorkspace::import(CMS_hza_workspace) importing RooRealVar::IntLumi
[#1] INFO:ObjectHandling -- RooWorkspace::import(CMS_hza_workspace) importing RooRealVar::CMS_hza_mass
[#1] INFO:ObjectHandling -- RooWorkspace::import(CMS_hza_workspace) importing RooRealVar::CMS_hza_weight
###################################################
  1) 0x848b100 RooRealVar::   CMS_hza_mass = 125  L(110 - 180)  "CMS_hza_mass"
  2) 0x84a2810 RooRealVar:: CMS_hza_weight = 450000  L(-100000 - 1e+06)  "CMS_hza_weight"
###################################################
DataStore ggh_125_13TeV_cat0 (ggh_125_13TeV_cat0)
  Contains 2910 entries
  Observables: 
    1)  CMS_hza_mass = 124.511  L(110 - 180)  "CMS_hza_mass"
  Dataset variable "CMS_hza_weight" is interpreted as the event weight
<class 'ROOT.RooArgSet'>
###################################################
[#1] INFO:InputArguments -- RooAbsData::plotOn(ggh_125_13TeV_cat0) INFO: dataset has non-integer weights, auto-selecting SumW2 errors instead of Poisson errors
[#1] INFO:ObjectHandling -- RooWorkspace::import(CMS_hza_workspace) importing dataset ggh_125_13TeV_cat0
[#1] INFO:ObjectHandling -- RooWorkspace::import(CMS_hza_workspace) importing dataset ggh_125_13TeV_cat0_CMS_eff_g_up
[#1] INFO:ObjectHandling -- RooWorkspace::import(CMS_hza_workspace) importing dataset ggh_125_13TeV_cat0_CMS_eff_g_dn
[#1] INFO:ObjectHandling -- RooWorkspace::import(CMS_hza_workspace) importing dataset ggh_125_13TeV_cat0_CMS_pileup_up
[#1] INFO:ObjectHandling -- RooWorkspace::import(CMS_hza_workspace) importing dataset ggh_125_13TeV_cat0_CMS_pileup_dn
[#1] INFO:ObjectHandling -- RooWorkspace::import(CMS_hza_workspace) importing dataset ggh_125_13TeV_cat0_CMS_eff_lep_up
[#1] INFO:ObjectHandling -- RooWorkspace::import(CMS_hza_workspace) importing dataset ggh_125_13TeV_cat0_CMS_eff_lep_dn
[#1] INFO:ObjectHandling -- RooWorkspace::import(CMS_hza_workspace) importing dataset ggh_125_13TeV_cat0_norm
prepare year: 18
open /publicfs/cms/user/wangzebing/ALP/Analysis_out/UL/18/ALP_M30.root success!
Entries:  31964
[[ INFO ]] prepare ALP mass: 125
[#1] INFO:ObjectHandling -- RooWorkspace::import(CMS_hza_workspace) importing RooRealVar::Sqrts
[#1] INFO:ObjectHandling -- RooWorkspace::import(CMS_hza_workspace) importing RooRealVar::IntLumi
[#1] INFO:ObjectHandling -- RooWorkspace::import(CMS_hza_workspace) importing RooRealVar::CMS_hza_mass
[#1] INFO:ObjectHandling -- RooWorkspace::import(CMS_hza_workspace) importing RooRealVar::CMS_hza_weight
###################################################
  1) 0x7ffd6e0 RooRealVar::   CMS_hza_mass = 125  L(110 - 180)  "CMS_hza_mass"
  2) 0x848b100 RooRealVar:: CMS_hza_weight = 450000  L(-100000 - 1e+06)  "CMS_hza_weight"
###################################################
DataStore ggh_125_13TeV_cat0 (ggh_125_13TeV_cat0)
  Contains 2662 entries
  Observables: 
    1)  CMS_hza_mass = 124.932  L(110 - 180)  "CMS_hza_mass"
  Dataset variable "CMS_hza_weight" is interpreted as the event weight
<class 'ROOT.RooArgSet'>
###################################################
[#1] INFO:InputArguments -- RooAbsData::plotOn(ggh_125_13TeV_cat0) INFO: dataset has non-integer weights, auto-selecting SumW2 errors instead of Poisson errors
[#1] INFO:ObjectHandling -- RooWorkspace::import(CMS_hza_workspace) importing dataset ggh_125_13TeV_cat0
[#1] INFO:ObjectHandling -- RooWorkspace::import(CMS_hza_workspace) importing dataset ggh_125_13TeV_cat0_CMS_eff_g_up
[#1] INFO:ObjectHandling -- RooWorkspace::import(CMS_hza_workspace) importing dataset ggh_125_13TeV_cat0_CMS_eff_g_dn
[#1] INFO:ObjectHandling -- RooWorkspace::import(CMS_hza_workspace) importing dataset ggh_125_13TeV_cat0_CMS_pileup_up
[#1] INFO:ObjectHandling -- RooWorkspace::import(CMS_hza_workspace) importing dataset ggh_125_13TeV_cat0_CMS_pileup_dn
[#1] INFO:ObjectHandling -- RooWorkspace::import(CMS_hza_workspace) importing dataset ggh_125_13TeV_cat0_CMS_eff_lep_up
[#1] INFO:ObjectHandling -- RooWorkspace::import(CMS_hza_workspace) importing dataset ggh_125_13TeV_cat0_CMS_eff_lep_dn
[#1] INFO:ObjectHandling -- RooWorkspace::import(CMS_hza_workspace) importing dataset ggh_125_13TeV_cat0_norm
