cws051.ihep.ac.cn
/publicfs/cms/user/wangzebing/ALP/Analysis_code/fit/fit_run2_UL_ScaleSmear_ele
prepare year: 16
open /publicfs/cms/user/wangzebing/ALP/Analysis_out/UL/16/ALP_M2.root success!
Entries:  9421
[[ INFO ]] prepare ALP mass: 125
[#1] INFO:ObjectHandling -- RooWorkspace::import(CMS_hza_workspace) importing RooRealVar::Sqrts
[#1] INFO:ObjectHandling -- RooWorkspace::import(CMS_hza_workspace) importing RooRealVar::IntLumi
[#1] INFO:ObjectHandling -- RooWorkspace::import(CMS_hza_workspace) importing RooRealVar::CMS_hza_mass
[#1] INFO:ObjectHandling -- RooWorkspace::import(CMS_hza_workspace) importing RooRealVar::CMS_hza_weight
###################################################
  1) 0x8a43880 RooRealVar::   CMS_hza_mass = 125  L(110 - 180)  "CMS_hza_mass"
  2) 0x8a8aef0 RooRealVar:: CMS_hza_weight = 450000  L(-100000 - 1e+06)  "CMS_hza_weight"
###################################################
normal
DataStore ggh_125_13TeV_cat0_normal (ggh_125_13TeV_cat0_normal)
  Contains 1159 entries
  Observables: 
    1)  CMS_hza_mass = 127.259  L(110 - 180)  "CMS_hza_mass"
  Dataset variable "CMS_hza_weight" is interpreted as the event weight
<class 'ROOT.RooArgSet'>
###################################################
[#1] INFO:InputArguments -- RooAbsData::plotOn(ggh_125_13TeV_cat0_normal) INFO: dataset has non-integer weights, auto-selecting SumW2 errors instead of Poisson errors
[#1] INFO:ObjectHandling -- RooWorkspace::import(CMS_hza_workspace) importing dataset ggh_125_13TeV_cat0_normal
phoScale_up
DataStore ggh_125_13TeV_cat0_phoScale_up (ggh_125_13TeV_cat0_phoScale_up)
  Contains 1158 entries
  Observables: 
    1)  CMS_hza_mass = 127.275  L(110 - 180)  "CMS_hza_mass"
  Dataset variable "CMS_hza_weight" is interpreted as the event weight
<class 'ROOT.RooArgSet'>
###################################################
[#1] INFO:InputArguments -- RooAbsData::plotOn(ggh_125_13TeV_cat0_phoScale_up) INFO: dataset has non-integer weights, auto-selecting SumW2 errors instead of Poisson errors
[#1] INFO:ObjectHandling -- RooWorkspace::import(CMS_hza_workspace) importing dataset ggh_125_13TeV_cat0_phoScale_up
phoScale_dn
DataStore ggh_125_13TeV_cat0_phoScale_dn (ggh_125_13TeV_cat0_phoScale_dn)
  Contains 1158 entries
  Observables: 
    1)  CMS_hza_mass = 127.227  L(110 - 180)  "CMS_hza_mass"
  Dataset variable "CMS_hza_weight" is interpreted as the event weight
<class 'ROOT.RooArgSet'>
###################################################
[#1] INFO:InputArguments -- RooAbsData::plotOn(ggh_125_13TeV_cat0_phoScale_dn) INFO: dataset has non-integer weights, auto-selecting SumW2 errors instead of Poisson errors
[#1] INFO:ObjectHandling -- RooWorkspace::import(CMS_hza_workspace) importing dataset ggh_125_13TeV_cat0_phoScale_dn
phoSmear_up
DataStore ggh_125_13TeV_cat0_phoSmear_up (ggh_125_13TeV_cat0_phoSmear_up)
  Contains 1158 entries
  Observables: 
    1)  CMS_hza_mass = 127.251  L(110 - 180)  "CMS_hza_mass"
  Dataset variable "CMS_hza_weight" is interpreted as the event weight
<class 'ROOT.RooArgSet'>
###################################################
[#1] INFO:InputArguments -- RooAbsData::plotOn(ggh_125_13TeV_cat0_phoSmear_up) INFO: dataset has non-integer weights, auto-selecting SumW2 errors instead of Poisson errors
[#1] INFO:ObjectHandling -- RooWorkspace::import(CMS_hza_workspace) importing dataset ggh_125_13TeV_cat0_phoSmear_up
phoSmear_dn
DataStore ggh_125_13TeV_cat0_phoSmear_dn (ggh_125_13TeV_cat0_phoSmear_dn)
  Contains 1158 entries
  Observables: 
    1)  CMS_hza_mass = 127.251  L(110 - 180)  "CMS_hza_mass"
  Dataset variable "CMS_hza_weight" is interpreted as the event weight
<class 'ROOT.RooArgSet'>
###################################################
[#1] INFO:InputArguments -- RooAbsData::plotOn(ggh_125_13TeV_cat0_phoSmear_dn) INFO: dataset has non-integer weights, auto-selecting SumW2 errors instead of Poisson errors
[#1] INFO:ObjectHandling -- RooWorkspace::import(CMS_hza_workspace) importing dataset ggh_125_13TeV_cat0_phoSmear_dn
lepScale_up
DataStore ggh_125_13TeV_cat0_lepScale_up (ggh_125_13TeV_cat0_lepScale_up)
  Contains 1159 entries
  Observables: 
    1)  CMS_hza_mass = 127.337  L(110 - 180)  "CMS_hza_mass"
  Dataset variable "CMS_hza_weight" is interpreted as the event weight
<class 'ROOT.RooArgSet'>
###################################################
[#1] INFO:InputArguments -- RooAbsData::plotOn(ggh_125_13TeV_cat0_lepScale_up) INFO: dataset has non-integer weights, auto-selecting SumW2 errors instead of Poisson errors
[#1] INFO:ObjectHandling -- RooWorkspace::import(CMS_hza_workspace) importing dataset ggh_125_13TeV_cat0_lepScale_up
lepScale_dn
DataStore ggh_125_13TeV_cat0_lepScale_dn (ggh_125_13TeV_cat0_lepScale_dn)
  Contains 1159 entries
  Observables: 
    1)  CMS_hza_mass = 127.181  L(110 - 180)  "CMS_hza_mass"
  Dataset variable "CMS_hza_weight" is interpreted as the event weight
<class 'ROOT.RooArgSet'>
###################################################
[#1] INFO:InputArguments -- RooAbsData::plotOn(ggh_125_13TeV_cat0_lepScale_dn) INFO: dataset has non-integer weights, auto-selecting SumW2 errors instead of Poisson errors
[#1] INFO:ObjectHandling -- RooWorkspace::import(CMS_hza_workspace) importing dataset ggh_125_13TeV_cat0_lepScale_dn
lepSmear_up
DataStore ggh_125_13TeV_cat0_lepSmear_up (ggh_125_13TeV_cat0_lepSmear_up)
  Contains 1159 entries
  Observables: 
    1)  CMS_hza_mass = 127.252  L(110 - 180)  "CMS_hza_mass"
  Dataset variable "CMS_hza_weight" is interpreted as the event weight
<class 'ROOT.RooArgSet'>
###################################################
[#1] INFO:InputArguments -- RooAbsData::plotOn(ggh_125_13TeV_cat0_lepSmear_up) INFO: dataset has non-integer weights, auto-selecting SumW2 errors instead of Poisson errors
[#1] INFO:ObjectHandling -- RooWorkspace::import(CMS_hza_workspace) importing dataset ggh_125_13TeV_cat0_lepSmear_up
lepSmear_dn
DataStore ggh_125_13TeV_cat0_lepSmear_dn (ggh_125_13TeV_cat0_lepSmear_dn)
  Contains 1159 entries
  Observables: 
    1)  CMS_hza_mass = 127.267  L(110 - 180)  "CMS_hza_mass"
  Dataset variable "CMS_hza_weight" is interpreted as the event weight
<class 'ROOT.RooArgSet'>
###################################################
[#1] INFO:InputArguments -- RooAbsData::plotOn(ggh_125_13TeV_cat0_lepSmear_dn) INFO: dataset has non-integer weights, auto-selecting SumW2 errors instead of Poisson errors
[#1] INFO:ObjectHandling -- RooWorkspace::import(CMS_hza_workspace) importing dataset ggh_125_13TeV_cat0_lepSmear_dn
prepare year: 16APV
open /publicfs/cms/user/wangzebing/ALP/Analysis_out/UL/16APV/ALP_M2.root success!
Entries:  7049
[[ INFO ]] prepare ALP mass: 125
[#1] INFO:ObjectHandling -- RooWorkspace::import(CMS_hza_workspace) importing RooRealVar::Sqrts
[#1] INFO:ObjectHandling -- RooWorkspace::import(CMS_hza_workspace) importing RooRealVar::IntLumi
[#1] INFO:ObjectHandling -- RooWorkspace::import(CMS_hza_workspace) importing RooRealVar::CMS_hza_mass
[#1] INFO:ObjectHandling -- RooWorkspace::import(CMS_hza_workspace) importing RooRealVar::CMS_hza_weight
###################################################
  1) 0x8a470e0 RooRealVar::   CMS_hza_mass = 125  L(110 - 180)  "CMS_hza_mass"
  2) 0x8a43880 RooRealVar:: CMS_hza_weight = 450000  L(-100000 - 1e+06)  "CMS_hza_weight"
###################################################
normal
DataStore ggh_125_13TeV_cat0_normal (ggh_125_13TeV_cat0_normal)
  Contains 893 entries
  Observables: 
    1)  CMS_hza_mass = 121.601  L(110 - 180)  "CMS_hza_mass"
  Dataset variable "CMS_hza_weight" is interpreted as the event weight
<class 'ROOT.RooArgSet'>
###################################################
[#1] INFO:InputArguments -- RooAbsData::plotOn(ggh_125_13TeV_cat0_normal) INFO: dataset has non-integer weights, auto-selecting SumW2 errors instead of Poisson errors
[#1] INFO:ObjectHandling -- RooWorkspace::import(CMS_hza_workspace) importing dataset ggh_125_13TeV_cat0_normal
phoScale_up
DataStore ggh_125_13TeV_cat0_phoScale_up (ggh_125_13TeV_cat0_phoScale_up)
  Contains 893 entries
  Observables: 
    1)  CMS_hza_mass = 121.605  L(110 - 180)  "CMS_hza_mass"
  Dataset variable "CMS_hza_weight" is interpreted as the event weight
<class 'ROOT.RooArgSet'>
###################################################
[#1] INFO:InputArguments -- RooAbsData::plotOn(ggh_125_13TeV_cat0_phoScale_up) INFO: dataset has non-integer weights, auto-selecting SumW2 errors instead of Poisson errors
[#1] INFO:ObjectHandling -- RooWorkspace::import(CMS_hza_workspace) importing dataset ggh_125_13TeV_cat0_phoScale_up
phoScale_dn
DataStore ggh_125_13TeV_cat0_phoScale_dn (ggh_125_13TeV_cat0_phoScale_dn)
  Contains 893 entries
  Observables: 
    1)  CMS_hza_mass = 121.56  L(110 - 180)  "CMS_hza_mass"
  Dataset variable "CMS_hza_weight" is interpreted as the event weight
<class 'ROOT.RooArgSet'>
###################################################
[#1] INFO:InputArguments -- RooAbsData::plotOn(ggh_125_13TeV_cat0_phoScale_dn) INFO: dataset has non-integer weights, auto-selecting SumW2 errors instead of Poisson errors
[#1] INFO:ObjectHandling -- RooWorkspace::import(CMS_hza_workspace) importing dataset ggh_125_13TeV_cat0_phoScale_dn
phoSmear_up
DataStore ggh_125_13TeV_cat0_phoSmear_up (ggh_125_13TeV_cat0_phoSmear_up)
  Contains 893 entries
  Observables: 
    1)  CMS_hza_mass = 121.582  L(110 - 180)  "CMS_hza_mass"
  Dataset variable "CMS_hza_weight" is interpreted as the event weight
<class 'ROOT.RooArgSet'>
###################################################
[#1] INFO:InputArguments -- RooAbsData::plotOn(ggh_125_13TeV_cat0_phoSmear_up) INFO: dataset has non-integer weights, auto-selecting SumW2 errors instead of Poisson errors
[#1] INFO:ObjectHandling -- RooWorkspace::import(CMS_hza_workspace) importing dataset ggh_125_13TeV_cat0_phoSmear_up
phoSmear_dn
DataStore ggh_125_13TeV_cat0_phoSmear_dn (ggh_125_13TeV_cat0_phoSmear_dn)
  Contains 893 entries
  Observables: 
    1)  CMS_hza_mass = 121.582  L(110 - 180)  "CMS_hza_mass"
  Dataset variable "CMS_hza_weight" is interpreted as the event weight
<class 'ROOT.RooArgSet'>
###################################################
[#1] INFO:InputArguments -- RooAbsData::plotOn(ggh_125_13TeV_cat0_phoSmear_dn) INFO: dataset has non-integer weights, auto-selecting SumW2 errors instead of Poisson errors
[#1] INFO:ObjectHandling -- RooWorkspace::import(CMS_hza_workspace) importing dataset ggh_125_13TeV_cat0_phoSmear_dn
lepScale_up
DataStore ggh_125_13TeV_cat0_lepScale_up (ggh_125_13TeV_cat0_lepScale_up)
  Contains 893 entries
  Observables: 
    1)  CMS_hza_mass = 121.679  L(110 - 180)  "CMS_hza_mass"
  Dataset variable "CMS_hza_weight" is interpreted as the event weight
<class 'ROOT.RooArgSet'>
###################################################
[#1] INFO:InputArguments -- RooAbsData::plotOn(ggh_125_13TeV_cat0_lepScale_up) INFO: dataset has non-integer weights, auto-selecting SumW2 errors instead of Poisson errors
[#1] INFO:ObjectHandling -- RooWorkspace::import(CMS_hza_workspace) importing dataset ggh_125_13TeV_cat0_lepScale_up
lepScale_dn
DataStore ggh_125_13TeV_cat0_lepScale_dn (ggh_125_13TeV_cat0_lepScale_dn)
  Contains 893 entries
  Observables: 
    1)  CMS_hza_mass = 121.527  L(110 - 180)  "CMS_hza_mass"
  Dataset variable "CMS_hza_weight" is interpreted as the event weight
<class 'ROOT.RooArgSet'>
###################################################
[#1] INFO:InputArguments -- RooAbsData::plotOn(ggh_125_13TeV_cat0_lepScale_dn) INFO: dataset has non-integer weights, auto-selecting SumW2 errors instead of Poisson errors
[#1] INFO:ObjectHandling -- RooWorkspace::import(CMS_hza_workspace) importing dataset ggh_125_13TeV_cat0_lepScale_dn
lepSmear_up
DataStore ggh_125_13TeV_cat0_lepSmear_up (ggh_125_13TeV_cat0_lepSmear_up)
  Contains 893 entries
  Observables: 
    1)  CMS_hza_mass = 121.602  L(110 - 180)  "CMS_hza_mass"
  Dataset variable "CMS_hza_weight" is interpreted as the event weight
<class 'ROOT.RooArgSet'>
###################################################
[#1] INFO:InputArguments -- RooAbsData::plotOn(ggh_125_13TeV_cat0_lepSmear_up) INFO: dataset has non-integer weights, auto-selecting SumW2 errors instead of Poisson errors
[#1] INFO:ObjectHandling -- RooWorkspace::import(CMS_hza_workspace) importing dataset ggh_125_13TeV_cat0_lepSmear_up
lepSmear_dn
DataStore ggh_125_13TeV_cat0_lepSmear_dn (ggh_125_13TeV_cat0_lepSmear_dn)
  Contains 893 entries
  Observables: 
    1)  CMS_hza_mass = 121.599  L(110 - 180)  "CMS_hza_mass"
  Dataset variable "CMS_hza_weight" is interpreted as the event weight
<class 'ROOT.RooArgSet'>
###################################################
[#1] INFO:InputArguments -- RooAbsData::plotOn(ggh_125_13TeV_cat0_lepSmear_dn) INFO: dataset has non-integer weights, auto-selecting SumW2 errors instead of Poisson errors
[#1] INFO:ObjectHandling -- RooWorkspace::import(CMS_hza_workspace) importing dataset ggh_125_13TeV_cat0_lepSmear_dn
