ams010.ihep.ac.cn
/publicfs/cms/user/wangzebing/ALP/Analysis_code/fit/fit_run2_UL_ScaleSmear_ele
prepare year: 16
open /publicfs/cms/user/wangzebing/ALP/Analysis_out/UL/16/ALP_M5.root success!
Entries:  8143
[[ INFO ]] prepare ALP mass: 125
[#1] INFO:ObjectHandling -- RooWorkspace::import(CMS_hza_workspace) importing RooRealVar::Sqrts
[#1] INFO:ObjectHandling -- RooWorkspace::import(CMS_hza_workspace) importing RooRealVar::IntLumi
[#1] INFO:ObjectHandling -- RooWorkspace::import(CMS_hza_workspace) importing RooRealVar::CMS_hza_mass
[#1] INFO:ObjectHandling -- RooWorkspace::import(CMS_hza_workspace) importing RooRealVar::CMS_hza_weight
###################################################
  1) 0x85117d0 RooRealVar::   CMS_hza_mass = 125  L(110 - 180)  "CMS_hza_mass"
  2) 0x850d7f0 RooRealVar:: CMS_hza_weight = 450000  L(-100000 - 1e+06)  "CMS_hza_weight"
###################################################
normal
DataStore ggh_125_13TeV_cat0_normal (ggh_125_13TeV_cat0_normal)
  Contains 1142 entries
  Observables: 
    1)  CMS_hza_mass = 124.386  L(110 - 180)  "CMS_hza_mass"
  Dataset variable "CMS_hza_weight" is interpreted as the event weight
<class 'ROOT.RooArgSet'>
###################################################
[#1] INFO:InputArguments -- RooAbsData::plotOn(ggh_125_13TeV_cat0_normal) INFO: dataset has non-integer weights, auto-selecting SumW2 errors instead of Poisson errors
[#1] INFO:ObjectHandling -- RooWorkspace::import(CMS_hza_workspace) importing dataset ggh_125_13TeV_cat0_normal
phoScale_up
DataStore ggh_125_13TeV_cat0_phoScale_up (ggh_125_13TeV_cat0_phoScale_up)
  Contains 1139 entries
  Observables: 
    1)  CMS_hza_mass = 124.566  L(110 - 180)  "CMS_hza_mass"
  Dataset variable "CMS_hza_weight" is interpreted as the event weight
<class 'ROOT.RooArgSet'>
###################################################
[#1] INFO:InputArguments -- RooAbsData::plotOn(ggh_125_13TeV_cat0_phoScale_up) INFO: dataset has non-integer weights, auto-selecting SumW2 errors instead of Poisson errors
[#1] INFO:ObjectHandling -- RooWorkspace::import(CMS_hza_workspace) importing dataset ggh_125_13TeV_cat0_phoScale_up
phoScale_dn
DataStore ggh_125_13TeV_cat0_phoScale_dn (ggh_125_13TeV_cat0_phoScale_dn)
  Contains 1139 entries
  Observables: 
    1)  CMS_hza_mass = 124.518  L(110 - 180)  "CMS_hza_mass"
  Dataset variable "CMS_hza_weight" is interpreted as the event weight
<class 'ROOT.RooArgSet'>
###################################################
[#1] INFO:InputArguments -- RooAbsData::plotOn(ggh_125_13TeV_cat0_phoScale_dn) INFO: dataset has non-integer weights, auto-selecting SumW2 errors instead of Poisson errors
[#1] INFO:ObjectHandling -- RooWorkspace::import(CMS_hza_workspace) importing dataset ggh_125_13TeV_cat0_phoScale_dn
phoSmear_up
DataStore ggh_125_13TeV_cat0_phoSmear_up (ggh_125_13TeV_cat0_phoSmear_up)
  Contains 1139 entries
  Observables: 
    1)  CMS_hza_mass = 124.543  L(110 - 180)  "CMS_hza_mass"
  Dataset variable "CMS_hza_weight" is interpreted as the event weight
<class 'ROOT.RooArgSet'>
###################################################
[#1] INFO:InputArguments -- RooAbsData::plotOn(ggh_125_13TeV_cat0_phoSmear_up) INFO: dataset has non-integer weights, auto-selecting SumW2 errors instead of Poisson errors
[#1] INFO:ObjectHandling -- RooWorkspace::import(CMS_hza_workspace) importing dataset ggh_125_13TeV_cat0_phoSmear_up
phoSmear_dn
DataStore ggh_125_13TeV_cat0_phoSmear_dn (ggh_125_13TeV_cat0_phoSmear_dn)
  Contains 1139 entries
  Observables: 
    1)  CMS_hza_mass = 124.54  L(110 - 180)  "CMS_hza_mass"
  Dataset variable "CMS_hza_weight" is interpreted as the event weight
<class 'ROOT.RooArgSet'>
###################################################
[#1] INFO:InputArguments -- RooAbsData::plotOn(ggh_125_13TeV_cat0_phoSmear_dn) INFO: dataset has non-integer weights, auto-selecting SumW2 errors instead of Poisson errors
[#1] INFO:ObjectHandling -- RooWorkspace::import(CMS_hza_workspace) importing dataset ggh_125_13TeV_cat0_phoSmear_dn
lepScale_up
DataStore ggh_125_13TeV_cat0_lepScale_up (ggh_125_13TeV_cat0_lepScale_up)
  Contains 1142 entries
  Observables: 
    1)  CMS_hza_mass = 124.439  L(110 - 180)  "CMS_hza_mass"
  Dataset variable "CMS_hza_weight" is interpreted as the event weight
<class 'ROOT.RooArgSet'>
###################################################
[#1] INFO:InputArguments -- RooAbsData::plotOn(ggh_125_13TeV_cat0_lepScale_up) INFO: dataset has non-integer weights, auto-selecting SumW2 errors instead of Poisson errors
[#1] INFO:ObjectHandling -- RooWorkspace::import(CMS_hza_workspace) importing dataset ggh_125_13TeV_cat0_lepScale_up
lepScale_dn
DataStore ggh_125_13TeV_cat0_lepScale_dn (ggh_125_13TeV_cat0_lepScale_dn)
  Contains 1142 entries
  Observables: 
    1)  CMS_hza_mass = 124.318  L(110 - 180)  "CMS_hza_mass"
  Dataset variable "CMS_hza_weight" is interpreted as the event weight
<class 'ROOT.RooArgSet'>
###################################################
[#1] INFO:InputArguments -- RooAbsData::plotOn(ggh_125_13TeV_cat0_lepScale_dn) INFO: dataset has non-integer weights, auto-selecting SumW2 errors instead of Poisson errors
[#1] INFO:ObjectHandling -- RooWorkspace::import(CMS_hza_workspace) importing dataset ggh_125_13TeV_cat0_lepScale_dn
lepSmear_up
DataStore ggh_125_13TeV_cat0_lepSmear_up (ggh_125_13TeV_cat0_lepSmear_up)
  Contains 1142 entries
  Observables: 
    1)  CMS_hza_mass = 124.392  L(110 - 180)  "CMS_hza_mass"
  Dataset variable "CMS_hza_weight" is interpreted as the event weight
<class 'ROOT.RooArgSet'>
###################################################
[#1] INFO:InputArguments -- RooAbsData::plotOn(ggh_125_13TeV_cat0_lepSmear_up) INFO: dataset has non-integer weights, auto-selecting SumW2 errors instead of Poisson errors
[#1] INFO:ObjectHandling -- RooWorkspace::import(CMS_hza_workspace) importing dataset ggh_125_13TeV_cat0_lepSmear_up
lepSmear_dn
DataStore ggh_125_13TeV_cat0_lepSmear_dn (ggh_125_13TeV_cat0_lepSmear_dn)
  Contains 1142 entries
  Observables: 
    1)  CMS_hza_mass = 124.381  L(110 - 180)  "CMS_hza_mass"
  Dataset variable "CMS_hza_weight" is interpreted as the event weight
<class 'ROOT.RooArgSet'>
###################################################
[#1] INFO:InputArguments -- RooAbsData::plotOn(ggh_125_13TeV_cat0_lepSmear_dn) INFO: dataset has non-integer weights, auto-selecting SumW2 errors instead of Poisson errors
[#1] INFO:ObjectHandling -- RooWorkspace::import(CMS_hza_workspace) importing dataset ggh_125_13TeV_cat0_lepSmear_dn
prepare year: 16APV
open /publicfs/cms/user/wangzebing/ALP/Analysis_out/UL/16APV/ALP_M5.root success!
Entries:  8412
[[ INFO ]] prepare ALP mass: 125
[#1] INFO:ObjectHandling -- RooWorkspace::import(CMS_hza_workspace) importing RooRealVar::Sqrts
[#1] INFO:ObjectHandling -- RooWorkspace::import(CMS_hza_workspace) importing RooRealVar::IntLumi
[#1] INFO:ObjectHandling -- RooWorkspace::import(CMS_hza_workspace) importing RooRealVar::CMS_hza_mass
[#1] INFO:ObjectHandling -- RooWorkspace::import(CMS_hza_workspace) importing RooRealVar::CMS_hza_weight
###################################################
  1) 0x850b790 RooRealVar::   CMS_hza_mass = 125  L(110 - 180)  "CMS_hza_mass"
  2) 0x85117d0 RooRealVar:: CMS_hza_weight = 450000  L(-100000 - 1e+06)  "CMS_hza_weight"
###################################################
normal
DataStore ggh_125_13TeV_cat0_normal (ggh_125_13TeV_cat0_normal)
  Contains 1168 entries
  Observables: 
    1)  CMS_hza_mass = 123.062  L(110 - 180)  "CMS_hza_mass"
  Dataset variable "CMS_hza_weight" is interpreted as the event weight
<class 'ROOT.RooArgSet'>
###################################################
[#1] INFO:InputArguments -- RooAbsData::plotOn(ggh_125_13TeV_cat0_normal) INFO: dataset has non-integer weights, auto-selecting SumW2 errors instead of Poisson errors
[#1] INFO:ObjectHandling -- RooWorkspace::import(CMS_hza_workspace) importing dataset ggh_125_13TeV_cat0_normal
phoScale_up
DataStore ggh_125_13TeV_cat0_phoScale_up (ggh_125_13TeV_cat0_phoScale_up)
  Contains 1163 entries
  Observables: 
    1)  CMS_hza_mass = 123.06  L(110 - 180)  "CMS_hza_mass"
  Dataset variable "CMS_hza_weight" is interpreted as the event weight
<class 'ROOT.RooArgSet'>
###################################################
[#1] INFO:InputArguments -- RooAbsData::plotOn(ggh_125_13TeV_cat0_phoScale_up) INFO: dataset has non-integer weights, auto-selecting SumW2 errors instead of Poisson errors
[#1] INFO:ObjectHandling -- RooWorkspace::import(CMS_hza_workspace) importing dataset ggh_125_13TeV_cat0_phoScale_up
phoScale_dn
DataStore ggh_125_13TeV_cat0_phoScale_dn (ggh_125_13TeV_cat0_phoScale_dn)
  Contains 1162 entries
  Observables: 
    1)  CMS_hza_mass = 123.017  L(110 - 180)  "CMS_hza_mass"
  Dataset variable "CMS_hza_weight" is interpreted as the event weight
<class 'ROOT.RooArgSet'>
###################################################
[#1] INFO:InputArguments -- RooAbsData::plotOn(ggh_125_13TeV_cat0_phoScale_dn) INFO: dataset has non-integer weights, auto-selecting SumW2 errors instead of Poisson errors
[#1] INFO:ObjectHandling -- RooWorkspace::import(CMS_hza_workspace) importing dataset ggh_125_13TeV_cat0_phoScale_dn
phoSmear_up
DataStore ggh_125_13TeV_cat0_phoSmear_up (ggh_125_13TeV_cat0_phoSmear_up)
  Contains 1163 entries
  Observables: 
    1)  CMS_hza_mass = 123.038  L(110 - 180)  "CMS_hza_mass"
  Dataset variable "CMS_hza_weight" is interpreted as the event weight
<class 'ROOT.RooArgSet'>
###################################################
[#1] INFO:InputArguments -- RooAbsData::plotOn(ggh_125_13TeV_cat0_phoSmear_up) INFO: dataset has non-integer weights, auto-selecting SumW2 errors instead of Poisson errors
[#1] INFO:ObjectHandling -- RooWorkspace::import(CMS_hza_workspace) importing dataset ggh_125_13TeV_cat0_phoSmear_up
phoSmear_dn
DataStore ggh_125_13TeV_cat0_phoSmear_dn (ggh_125_13TeV_cat0_phoSmear_dn)
  Contains 1163 entries
  Observables: 
    1)  CMS_hza_mass = 123.039  L(110 - 180)  "CMS_hza_mass"
  Dataset variable "CMS_hza_weight" is interpreted as the event weight
<class 'ROOT.RooArgSet'>
###################################################
[#1] INFO:InputArguments -- RooAbsData::plotOn(ggh_125_13TeV_cat0_phoSmear_dn) INFO: dataset has non-integer weights, auto-selecting SumW2 errors instead of Poisson errors
[#1] INFO:ObjectHandling -- RooWorkspace::import(CMS_hza_workspace) importing dataset ggh_125_13TeV_cat0_phoSmear_dn
lepScale_up
DataStore ggh_125_13TeV_cat0_lepScale_up (ggh_125_13TeV_cat0_lepScale_up)
  Contains 1168 entries
  Observables: 
    1)  CMS_hza_mass = 123.134  L(110 - 180)  "CMS_hza_mass"
  Dataset variable "CMS_hza_weight" is interpreted as the event weight
<class 'ROOT.RooArgSet'>
###################################################
[#1] INFO:InputArguments -- RooAbsData::plotOn(ggh_125_13TeV_cat0_lepScale_up) INFO: dataset has non-integer weights, auto-selecting SumW2 errors instead of Poisson errors
[#1] INFO:ObjectHandling -- RooWorkspace::import(CMS_hza_workspace) importing dataset ggh_125_13TeV_cat0_lepScale_up
lepScale_dn
DataStore ggh_125_13TeV_cat0_lepScale_dn (ggh_125_13TeV_cat0_lepScale_dn)
  Contains 1168 entries
  Observables: 
    1)  CMS_hza_mass = 122.986  L(110 - 180)  "CMS_hza_mass"
  Dataset variable "CMS_hza_weight" is interpreted as the event weight
<class 'ROOT.RooArgSet'>
###################################################
[#1] INFO:InputArguments -- RooAbsData::plotOn(ggh_125_13TeV_cat0_lepScale_dn) INFO: dataset has non-integer weights, auto-selecting SumW2 errors instead of Poisson errors
[#1] INFO:ObjectHandling -- RooWorkspace::import(CMS_hza_workspace) importing dataset ggh_125_13TeV_cat0_lepScale_dn
lepSmear_up
DataStore ggh_125_13TeV_cat0_lepSmear_up (ggh_125_13TeV_cat0_lepSmear_up)
  Contains 1168 entries
  Observables: 
    1)  CMS_hza_mass = 123.055  L(110 - 180)  "CMS_hza_mass"
  Dataset variable "CMS_hza_weight" is interpreted as the event weight
<class 'ROOT.RooArgSet'>
###################################################
[#1] INFO:InputArguments -- RooAbsData::plotOn(ggh_125_13TeV_cat0_lepSmear_up) INFO: dataset has non-integer weights, auto-selecting SumW2 errors instead of Poisson errors
[#1] INFO:ObjectHandling -- RooWorkspace::import(CMS_hza_workspace) importing dataset ggh_125_13TeV_cat0_lepSmear_up
lepSmear_dn
DataStore ggh_125_13TeV_cat0_lepSmear_dn (ggh_125_13TeV_cat0_lepSmear_dn)
  Contains 1168 entries
  Observables: 
    1)  CMS_hza_mass = 123.068  L(110 - 180)  "CMS_hza_mass"
  Dataset variable "CMS_hza_weight" is interpreted as the event weight
<class 'ROOT.RooArgSet'>
###################################################
[#1] INFO:InputArguments -- RooAbsData::plotOn(ggh_125_13TeV_cat0_lepSmear_dn) INFO: dataset has non-integer weights, auto-selecting SumW2 errors instead of Poisson errors
[#1] INFO:ObjectHandling -- RooWorkspace::import(CMS_hza_workspace) importing dataset ggh_125_13TeV_cat0_lepSmear_dn
