bws0634.ihep.ac.cn
/publicfs/cms/user/wangzebing/ALP/Analysis_code/fit/fit_run2_UL_ScaleSmear_ele
prepare year: 16
open /publicfs/cms/user/wangzebing/ALP/Analysis_out/UL/16/ALP_M7.root success!
Entries:  11515
[[ INFO ]] prepare ALP mass: 125
[#1] INFO:ObjectHandling -- RooWorkspace::import(CMS_hza_workspace) importing RooRealVar::Sqrts
[#1] INFO:ObjectHandling -- RooWorkspace::import(CMS_hza_workspace) importing RooRealVar::IntLumi
[#1] INFO:ObjectHandling -- RooWorkspace::import(CMS_hza_workspace) importing RooRealVar::CMS_hza_mass
[#1] INFO:ObjectHandling -- RooWorkspace::import(CMS_hza_workspace) importing RooRealVar::CMS_hza_weight
###################################################
  1) 0x81bdb90 RooRealVar::   CMS_hza_mass = 125  L(110 - 180)  "CMS_hza_mass"
  2) 0x81fd6c0 RooRealVar:: CMS_hza_weight = 450000  L(-100000 - 1e+06)  "CMS_hza_weight"
###################################################
normal
DataStore ggh_125_13TeV_cat0_normal (ggh_125_13TeV_cat0_normal)
  Contains 1583 entries
  Observables: 
    1)  CMS_hza_mass = 126.748  L(110 - 180)  "CMS_hza_mass"
  Dataset variable "CMS_hza_weight" is interpreted as the event weight
<class 'ROOT.RooArgSet'>
###################################################
[#1] INFO:InputArguments -- RooAbsData::plotOn(ggh_125_13TeV_cat0_normal) INFO: dataset has non-integer weights, auto-selecting SumW2 errors instead of Poisson errors
[#1] INFO:ObjectHandling -- RooWorkspace::import(CMS_hza_workspace) importing dataset ggh_125_13TeV_cat0_normal
phoScale_up
DataStore ggh_125_13TeV_cat0_phoScale_up (ggh_125_13TeV_cat0_phoScale_up)
  Contains 1578 entries
  Observables: 
    1)  CMS_hza_mass = 126.745  L(110 - 180)  "CMS_hza_mass"
  Dataset variable "CMS_hza_weight" is interpreted as the event weight
<class 'ROOT.RooArgSet'>
###################################################
[#1] INFO:InputArguments -- RooAbsData::plotOn(ggh_125_13TeV_cat0_phoScale_up) INFO: dataset has non-integer weights, auto-selecting SumW2 errors instead of Poisson errors
[#1] INFO:ObjectHandling -- RooWorkspace::import(CMS_hza_workspace) importing dataset ggh_125_13TeV_cat0_phoScale_up
phoScale_dn
DataStore ggh_125_13TeV_cat0_phoScale_dn (ggh_125_13TeV_cat0_phoScale_dn)
  Contains 1577 entries
  Observables: 
    1)  CMS_hza_mass = 126.698  L(110 - 180)  "CMS_hza_mass"
  Dataset variable "CMS_hza_weight" is interpreted as the event weight
<class 'ROOT.RooArgSet'>
###################################################
[#1] INFO:InputArguments -- RooAbsData::plotOn(ggh_125_13TeV_cat0_phoScale_dn) INFO: dataset has non-integer weights, auto-selecting SumW2 errors instead of Poisson errors
[#1] INFO:ObjectHandling -- RooWorkspace::import(CMS_hza_workspace) importing dataset ggh_125_13TeV_cat0_phoScale_dn
phoSmear_up
DataStore ggh_125_13TeV_cat0_phoSmear_up (ggh_125_13TeV_cat0_phoSmear_up)
  Contains 1577 entries
  Observables: 
    1)  CMS_hza_mass = 126.721  L(110 - 180)  "CMS_hza_mass"
  Dataset variable "CMS_hza_weight" is interpreted as the event weight
<class 'ROOT.RooArgSet'>
###################################################
[#1] INFO:InputArguments -- RooAbsData::plotOn(ggh_125_13TeV_cat0_phoSmear_up) INFO: dataset has non-integer weights, auto-selecting SumW2 errors instead of Poisson errors
[#1] INFO:ObjectHandling -- RooWorkspace::import(CMS_hza_workspace) importing dataset ggh_125_13TeV_cat0_phoSmear_up
phoSmear_dn
DataStore ggh_125_13TeV_cat0_phoSmear_dn (ggh_125_13TeV_cat0_phoSmear_dn)
  Contains 1578 entries
  Observables: 
    1)  CMS_hza_mass = 126.722  L(110 - 180)  "CMS_hza_mass"
  Dataset variable "CMS_hza_weight" is interpreted as the event weight
<class 'ROOT.RooArgSet'>
###################################################
[#1] INFO:InputArguments -- RooAbsData::plotOn(ggh_125_13TeV_cat0_phoSmear_dn) INFO: dataset has non-integer weights, auto-selecting SumW2 errors instead of Poisson errors
[#1] INFO:ObjectHandling -- RooWorkspace::import(CMS_hza_workspace) importing dataset ggh_125_13TeV_cat0_phoSmear_dn
lepScale_up
DataStore ggh_125_13TeV_cat0_lepScale_up (ggh_125_13TeV_cat0_lepScale_up)
  Contains 1583 entries
  Observables: 
    1)  CMS_hza_mass = 126.816  L(110 - 180)  "CMS_hza_mass"
  Dataset variable "CMS_hza_weight" is interpreted as the event weight
<class 'ROOT.RooArgSet'>
###################################################
[#1] INFO:InputArguments -- RooAbsData::plotOn(ggh_125_13TeV_cat0_lepScale_up) INFO: dataset has non-integer weights, auto-selecting SumW2 errors instead of Poisson errors
[#1] INFO:ObjectHandling -- RooWorkspace::import(CMS_hza_workspace) importing dataset ggh_125_13TeV_cat0_lepScale_up
lepScale_dn
DataStore ggh_125_13TeV_cat0_lepScale_dn (ggh_125_13TeV_cat0_lepScale_dn)
  Contains 1583 entries
  Observables: 
    1)  CMS_hza_mass = 126.68  L(110 - 180)  "CMS_hza_mass"
  Dataset variable "CMS_hza_weight" is interpreted as the event weight
<class 'ROOT.RooArgSet'>
###################################################
[#1] INFO:InputArguments -- RooAbsData::plotOn(ggh_125_13TeV_cat0_lepScale_dn) INFO: dataset has non-integer weights, auto-selecting SumW2 errors instead of Poisson errors
[#1] INFO:ObjectHandling -- RooWorkspace::import(CMS_hza_workspace) importing dataset ggh_125_13TeV_cat0_lepScale_dn
lepSmear_up
DataStore ggh_125_13TeV_cat0_lepSmear_up (ggh_125_13TeV_cat0_lepSmear_up)
  Contains 1583 entries
  Observables: 
    1)  CMS_hza_mass = 126.741  L(110 - 180)  "CMS_hza_mass"
  Dataset variable "CMS_hza_weight" is interpreted as the event weight
<class 'ROOT.RooArgSet'>
###################################################
[#1] INFO:InputArguments -- RooAbsData::plotOn(ggh_125_13TeV_cat0_lepSmear_up) INFO: dataset has non-integer weights, auto-selecting SumW2 errors instead of Poisson errors
[#1] INFO:ObjectHandling -- RooWorkspace::import(CMS_hza_workspace) importing dataset ggh_125_13TeV_cat0_lepSmear_up
lepSmear_dn
DataStore ggh_125_13TeV_cat0_lepSmear_dn (ggh_125_13TeV_cat0_lepSmear_dn)
  Contains 1583 entries
  Observables: 
    1)  CMS_hza_mass = 126.755  L(110 - 180)  "CMS_hza_mass"
  Dataset variable "CMS_hza_weight" is interpreted as the event weight
<class 'ROOT.RooArgSet'>
###################################################
[#1] INFO:InputArguments -- RooAbsData::plotOn(ggh_125_13TeV_cat0_lepSmear_dn) INFO: dataset has non-integer weights, auto-selecting SumW2 errors instead of Poisson errors
[#1] INFO:ObjectHandling -- RooWorkspace::import(CMS_hza_workspace) importing dataset ggh_125_13TeV_cat0_lepSmear_dn
prepare year: 16APV
open /publicfs/cms/user/wangzebing/ALP/Analysis_out/UL/16APV/ALP_M7.root success!
Entries:  7673
[[ INFO ]] prepare ALP mass: 125
[#1] INFO:ObjectHandling -- RooWorkspace::import(CMS_hza_workspace) importing RooRealVar::Sqrts
[#1] INFO:ObjectHandling -- RooWorkspace::import(CMS_hza_workspace) importing RooRealVar::IntLumi
[#1] INFO:ObjectHandling -- RooWorkspace::import(CMS_hza_workspace) importing RooRealVar::CMS_hza_mass
[#1] INFO:ObjectHandling -- RooWorkspace::import(CMS_hza_workspace) importing RooRealVar::CMS_hza_weight
###################################################
  1) 0x81e3600 RooRealVar::   CMS_hza_mass = 125  L(110 - 180)  "CMS_hza_mass"
  2) 0x81bdb90 RooRealVar:: CMS_hza_weight = 450000  L(-100000 - 1e+06)  "CMS_hza_weight"
###################################################
normal
DataStore ggh_125_13TeV_cat0_normal (ggh_125_13TeV_cat0_normal)
  Contains 971 entries
  Observables: 
    1)  CMS_hza_mass = 127.656  L(110 - 180)  "CMS_hza_mass"
  Dataset variable "CMS_hza_weight" is interpreted as the event weight
<class 'ROOT.RooArgSet'>
###################################################
[#1] INFO:InputArguments -- RooAbsData::plotOn(ggh_125_13TeV_cat0_normal) INFO: dataset has non-integer weights, auto-selecting SumW2 errors instead of Poisson errors
[#1] INFO:ObjectHandling -- RooWorkspace::import(CMS_hza_workspace) importing dataset ggh_125_13TeV_cat0_normal
phoScale_up
DataStore ggh_125_13TeV_cat0_phoScale_up (ggh_125_13TeV_cat0_phoScale_up)
  Contains 968 entries
  Observables: 
    1)  CMS_hza_mass = 127.574  L(110 - 180)  "CMS_hza_mass"
  Dataset variable "CMS_hza_weight" is interpreted as the event weight
<class 'ROOT.RooArgSet'>
###################################################
[#1] INFO:InputArguments -- RooAbsData::plotOn(ggh_125_13TeV_cat0_phoScale_up) INFO: dataset has non-integer weights, auto-selecting SumW2 errors instead of Poisson errors
[#1] INFO:ObjectHandling -- RooWorkspace::import(CMS_hza_workspace) importing dataset ggh_125_13TeV_cat0_phoScale_up
phoScale_dn
DataStore ggh_125_13TeV_cat0_phoScale_dn (ggh_125_13TeV_cat0_phoScale_dn)
  Contains 968 entries
  Observables: 
    1)  CMS_hza_mass = 127.538  L(110 - 180)  "CMS_hza_mass"
  Dataset variable "CMS_hza_weight" is interpreted as the event weight
<class 'ROOT.RooArgSet'>
###################################################
[#1] INFO:InputArguments -- RooAbsData::plotOn(ggh_125_13TeV_cat0_phoScale_dn) INFO: dataset has non-integer weights, auto-selecting SumW2 errors instead of Poisson errors
[#1] INFO:ObjectHandling -- RooWorkspace::import(CMS_hza_workspace) importing dataset ggh_125_13TeV_cat0_phoScale_dn
phoSmear_up
DataStore ggh_125_13TeV_cat0_phoSmear_up (ggh_125_13TeV_cat0_phoSmear_up)
  Contains 968 entries
  Observables: 
    1)  CMS_hza_mass = 127.553  L(110 - 180)  "CMS_hza_mass"
  Dataset variable "CMS_hza_weight" is interpreted as the event weight
<class 'ROOT.RooArgSet'>
###################################################
[#1] INFO:InputArguments -- RooAbsData::plotOn(ggh_125_13TeV_cat0_phoSmear_up) INFO: dataset has non-integer weights, auto-selecting SumW2 errors instead of Poisson errors
[#1] INFO:ObjectHandling -- RooWorkspace::import(CMS_hza_workspace) importing dataset ggh_125_13TeV_cat0_phoSmear_up
phoSmear_dn
DataStore ggh_125_13TeV_cat0_phoSmear_dn (ggh_125_13TeV_cat0_phoSmear_dn)
  Contains 968 entries
  Observables: 
    1)  CMS_hza_mass = 127.559  L(110 - 180)  "CMS_hza_mass"
  Dataset variable "CMS_hza_weight" is interpreted as the event weight
<class 'ROOT.RooArgSet'>
###################################################
[#1] INFO:InputArguments -- RooAbsData::plotOn(ggh_125_13TeV_cat0_phoSmear_dn) INFO: dataset has non-integer weights, auto-selecting SumW2 errors instead of Poisson errors
[#1] INFO:ObjectHandling -- RooWorkspace::import(CMS_hza_workspace) importing dataset ggh_125_13TeV_cat0_phoSmear_dn
lepScale_up
DataStore ggh_125_13TeV_cat0_lepScale_up (ggh_125_13TeV_cat0_lepScale_up)
  Contains 971 entries
  Observables: 
    1)  CMS_hza_mass = 127.732  L(110 - 180)  "CMS_hza_mass"
  Dataset variable "CMS_hza_weight" is interpreted as the event weight
<class 'ROOT.RooArgSet'>
###################################################
[#1] INFO:InputArguments -- RooAbsData::plotOn(ggh_125_13TeV_cat0_lepScale_up) INFO: dataset has non-integer weights, auto-selecting SumW2 errors instead of Poisson errors
[#1] INFO:ObjectHandling -- RooWorkspace::import(CMS_hza_workspace) importing dataset ggh_125_13TeV_cat0_lepScale_up
lepScale_dn
DataStore ggh_125_13TeV_cat0_lepScale_dn (ggh_125_13TeV_cat0_lepScale_dn)
  Contains 970 entries
  Observables: 
    1)  CMS_hza_mass = 127.58  L(110 - 180)  "CMS_hza_mass"
  Dataset variable "CMS_hza_weight" is interpreted as the event weight
<class 'ROOT.RooArgSet'>
###################################################
[#1] INFO:InputArguments -- RooAbsData::plotOn(ggh_125_13TeV_cat0_lepScale_dn) INFO: dataset has non-integer weights, auto-selecting SumW2 errors instead of Poisson errors
[#1] INFO:ObjectHandling -- RooWorkspace::import(CMS_hza_workspace) importing dataset ggh_125_13TeV_cat0_lepScale_dn
lepSmear_up
DataStore ggh_125_13TeV_cat0_lepSmear_up (ggh_125_13TeV_cat0_lepSmear_up)
  Contains 971 entries
  Observables: 
    1)  CMS_hza_mass = 127.639  L(110 - 180)  "CMS_hza_mass"
  Dataset variable "CMS_hza_weight" is interpreted as the event weight
<class 'ROOT.RooArgSet'>
###################################################
[#1] INFO:InputArguments -- RooAbsData::plotOn(ggh_125_13TeV_cat0_lepSmear_up) INFO: dataset has non-integer weights, auto-selecting SumW2 errors instead of Poisson errors
[#1] INFO:ObjectHandling -- RooWorkspace::import(CMS_hza_workspace) importing dataset ggh_125_13TeV_cat0_lepSmear_up
lepSmear_dn
DataStore ggh_125_13TeV_cat0_lepSmear_dn (ggh_125_13TeV_cat0_lepSmear_dn)
  Contains 971 entries
  Observables: 
    1)  CMS_hza_mass = 127.673  L(110 - 180)  "CMS_hza_mass"
  Dataset variable "CMS_hza_weight" is interpreted as the event weight
<class 'ROOT.RooArgSet'>
###################################################
[#1] INFO:InputArguments -- RooAbsData::plotOn(ggh_125_13TeV_cat0_lepSmear_dn) INFO: dataset has non-integer weights, auto-selecting SumW2 errors instead of Poisson errors
[#1] INFO:ObjectHandling -- RooWorkspace::import(CMS_hza_workspace) importing dataset ggh_125_13TeV_cat0_lepSmear_dn
