bws0635.ihep.ac.cn
/publicfs/cms/user/wangzebing/ALP/Analysis_code/fit/fit_run2_UL_ScaleSmear_ele
prepare year: 16
open /publicfs/cms/user/wangzebing/ALP/Analysis_out/UL/16/ALP_M9.root success!
Entries:  10282
[[ INFO ]] prepare ALP mass: 125
[#1] INFO:ObjectHandling -- RooWorkspace::import(CMS_hza_workspace) importing RooRealVar::Sqrts
[#1] INFO:ObjectHandling -- RooWorkspace::import(CMS_hza_workspace) importing RooRealVar::IntLumi
[#1] INFO:ObjectHandling -- RooWorkspace::import(CMS_hza_workspace) importing RooRealVar::CMS_hza_mass
[#1] INFO:ObjectHandling -- RooWorkspace::import(CMS_hza_workspace) importing RooRealVar::CMS_hza_weight
###################################################
  1) 0x8456b00 RooRealVar::   CMS_hza_mass = 125  L(110 - 180)  "CMS_hza_mass"
  2) 0x8569630 RooRealVar:: CMS_hza_weight = 450000  L(-100000 - 1e+06)  "CMS_hza_weight"
###################################################
normal
DataStore ggh_125_13TeV_cat0_normal (ggh_125_13TeV_cat0_normal)
  Contains 1270 entries
  Observables: 
    1)  CMS_hza_mass = 120.43  L(110 - 180)  "CMS_hza_mass"
  Dataset variable "CMS_hza_weight" is interpreted as the event weight
<class 'ROOT.RooArgSet'>
###################################################
[#1] INFO:InputArguments -- RooAbsData::plotOn(ggh_125_13TeV_cat0_normal) INFO: dataset has non-integer weights, auto-selecting SumW2 errors instead of Poisson errors
[#1] INFO:ObjectHandling -- RooWorkspace::import(CMS_hza_workspace) importing dataset ggh_125_13TeV_cat0_normal
phoScale_up
DataStore ggh_125_13TeV_cat0_phoScale_up (ggh_125_13TeV_cat0_phoScale_up)
  Contains 1266 entries
  Observables: 
    1)  CMS_hza_mass = 120.796  L(110 - 180)  "CMS_hza_mass"
  Dataset variable "CMS_hza_weight" is interpreted as the event weight
<class 'ROOT.RooArgSet'>
###################################################
[#1] INFO:InputArguments -- RooAbsData::plotOn(ggh_125_13TeV_cat0_phoScale_up) INFO: dataset has non-integer weights, auto-selecting SumW2 errors instead of Poisson errors
[#1] INFO:ObjectHandling -- RooWorkspace::import(CMS_hza_workspace) importing dataset ggh_125_13TeV_cat0_phoScale_up
phoScale_dn
DataStore ggh_125_13TeV_cat0_phoScale_dn (ggh_125_13TeV_cat0_phoScale_dn)
  Contains 1266 entries
  Observables: 
    1)  CMS_hza_mass = 120.746  L(110 - 180)  "CMS_hza_mass"
  Dataset variable "CMS_hza_weight" is interpreted as the event weight
<class 'ROOT.RooArgSet'>
###################################################
[#1] INFO:InputArguments -- RooAbsData::plotOn(ggh_125_13TeV_cat0_phoScale_dn) INFO: dataset has non-integer weights, auto-selecting SumW2 errors instead of Poisson errors
[#1] INFO:ObjectHandling -- RooWorkspace::import(CMS_hza_workspace) importing dataset ggh_125_13TeV_cat0_phoScale_dn
phoSmear_up
DataStore ggh_125_13TeV_cat0_phoSmear_up (ggh_125_13TeV_cat0_phoSmear_up)
  Contains 1266 entries
  Observables: 
    1)  CMS_hza_mass = 120.772  L(110 - 180)  "CMS_hza_mass"
  Dataset variable "CMS_hza_weight" is interpreted as the event weight
<class 'ROOT.RooArgSet'>
###################################################
[#1] INFO:InputArguments -- RooAbsData::plotOn(ggh_125_13TeV_cat0_phoSmear_up) INFO: dataset has non-integer weights, auto-selecting SumW2 errors instead of Poisson errors
[#1] INFO:ObjectHandling -- RooWorkspace::import(CMS_hza_workspace) importing dataset ggh_125_13TeV_cat0_phoSmear_up
phoSmear_dn
DataStore ggh_125_13TeV_cat0_phoSmear_dn (ggh_125_13TeV_cat0_phoSmear_dn)
  Contains 1266 entries
  Observables: 
    1)  CMS_hza_mass = 120.769  L(110 - 180)  "CMS_hza_mass"
  Dataset variable "CMS_hza_weight" is interpreted as the event weight
<class 'ROOT.RooArgSet'>
###################################################
[#1] INFO:InputArguments -- RooAbsData::plotOn(ggh_125_13TeV_cat0_phoSmear_dn) INFO: dataset has non-integer weights, auto-selecting SumW2 errors instead of Poisson errors
[#1] INFO:ObjectHandling -- RooWorkspace::import(CMS_hza_workspace) importing dataset ggh_125_13TeV_cat0_phoSmear_dn
lepScale_up
DataStore ggh_125_13TeV_cat0_lepScale_up (ggh_125_13TeV_cat0_lepScale_up)
  Contains 1270 entries
  Observables: 
    1)  CMS_hza_mass = 120.498  L(110 - 180)  "CMS_hza_mass"
  Dataset variable "CMS_hza_weight" is interpreted as the event weight
<class 'ROOT.RooArgSet'>
###################################################
[#1] INFO:InputArguments -- RooAbsData::plotOn(ggh_125_13TeV_cat0_lepScale_up) INFO: dataset has non-integer weights, auto-selecting SumW2 errors instead of Poisson errors
[#1] INFO:ObjectHandling -- RooWorkspace::import(CMS_hza_workspace) importing dataset ggh_125_13TeV_cat0_lepScale_up
lepScale_dn
DataStore ggh_125_13TeV_cat0_lepScale_dn (ggh_125_13TeV_cat0_lepScale_dn)
  Contains 1270 entries
  Observables: 
    1)  CMS_hza_mass = 120.362  L(110 - 180)  "CMS_hza_mass"
  Dataset variable "CMS_hza_weight" is interpreted as the event weight
<class 'ROOT.RooArgSet'>
###################################################
[#1] INFO:InputArguments -- RooAbsData::plotOn(ggh_125_13TeV_cat0_lepScale_dn) INFO: dataset has non-integer weights, auto-selecting SumW2 errors instead of Poisson errors
[#1] INFO:ObjectHandling -- RooWorkspace::import(CMS_hza_workspace) importing dataset ggh_125_13TeV_cat0_lepScale_dn
lepSmear_up
DataStore ggh_125_13TeV_cat0_lepSmear_up (ggh_125_13TeV_cat0_lepSmear_up)
  Contains 1270 entries
  Observables: 
    1)  CMS_hza_mass = 120.431  L(110 - 180)  "CMS_hza_mass"
  Dataset variable "CMS_hza_weight" is interpreted as the event weight
<class 'ROOT.RooArgSet'>
###################################################
[#1] INFO:InputArguments -- RooAbsData::plotOn(ggh_125_13TeV_cat0_lepSmear_up) INFO: dataset has non-integer weights, auto-selecting SumW2 errors instead of Poisson errors
[#1] INFO:ObjectHandling -- RooWorkspace::import(CMS_hza_workspace) importing dataset ggh_125_13TeV_cat0_lepSmear_up
lepSmear_dn
DataStore ggh_125_13TeV_cat0_lepSmear_dn (ggh_125_13TeV_cat0_lepSmear_dn)
  Contains 1270 entries
  Observables: 
    1)  CMS_hza_mass = 120.429  L(110 - 180)  "CMS_hza_mass"
  Dataset variable "CMS_hza_weight" is interpreted as the event weight
<class 'ROOT.RooArgSet'>
###################################################
[#1] INFO:InputArguments -- RooAbsData::plotOn(ggh_125_13TeV_cat0_lepSmear_dn) INFO: dataset has non-integer weights, auto-selecting SumW2 errors instead of Poisson errors
[#1] INFO:ObjectHandling -- RooWorkspace::import(CMS_hza_workspace) importing dataset ggh_125_13TeV_cat0_lepSmear_dn
prepare year: 16APV
open /publicfs/cms/user/wangzebing/ALP/Analysis_out/UL/16APV/ALP_M9.root success!
Entries:  13884
[[ INFO ]] prepare ALP mass: 125
[#1] INFO:ObjectHandling -- RooWorkspace::import(CMS_hza_workspace) importing RooRealVar::Sqrts
[#1] INFO:ObjectHandling -- RooWorkspace::import(CMS_hza_workspace) importing RooRealVar::IntLumi
[#1] INFO:ObjectHandling -- RooWorkspace::import(CMS_hza_workspace) importing RooRealVar::CMS_hza_mass
[#1] INFO:ObjectHandling -- RooWorkspace::import(CMS_hza_workspace) importing RooRealVar::CMS_hza_weight
###################################################
  1) 0x8451490 RooRealVar::   CMS_hza_mass = 125  L(110 - 180)  "CMS_hza_mass"
  2) 0x8456b00 RooRealVar:: CMS_hza_weight = 450000  L(-100000 - 1e+06)  "CMS_hza_weight"
###################################################
normal
DataStore ggh_125_13TeV_cat0_normal (ggh_125_13TeV_cat0_normal)
  Contains 1677 entries
  Observables: 
    1)  CMS_hza_mass = 125.807  L(110 - 180)  "CMS_hza_mass"
  Dataset variable "CMS_hza_weight" is interpreted as the event weight
<class 'ROOT.RooArgSet'>
###################################################
[#1] INFO:InputArguments -- RooAbsData::plotOn(ggh_125_13TeV_cat0_normal) INFO: dataset has non-integer weights, auto-selecting SumW2 errors instead of Poisson errors
[#1] INFO:ObjectHandling -- RooWorkspace::import(CMS_hza_workspace) importing dataset ggh_125_13TeV_cat0_normal
phoScale_up
DataStore ggh_125_13TeV_cat0_phoScale_up (ggh_125_13TeV_cat0_phoScale_up)
  Contains 1671 entries
  Observables: 
    1)  CMS_hza_mass = 126.011  L(110 - 180)  "CMS_hza_mass"
  Dataset variable "CMS_hza_weight" is interpreted as the event weight
<class 'ROOT.RooArgSet'>
###################################################
[#1] INFO:InputArguments -- RooAbsData::plotOn(ggh_125_13TeV_cat0_phoScale_up) INFO: dataset has non-integer weights, auto-selecting SumW2 errors instead of Poisson errors
[#1] INFO:ObjectHandling -- RooWorkspace::import(CMS_hza_workspace) importing dataset ggh_125_13TeV_cat0_phoScale_up
phoScale_dn
DataStore ggh_125_13TeV_cat0_phoScale_dn (ggh_125_13TeV_cat0_phoScale_dn)
  Contains 1671 entries
  Observables: 
    1)  CMS_hza_mass = 125.96  L(110 - 180)  "CMS_hza_mass"
  Dataset variable "CMS_hza_weight" is interpreted as the event weight
<class 'ROOT.RooArgSet'>
###################################################
[#1] INFO:InputArguments -- RooAbsData::plotOn(ggh_125_13TeV_cat0_phoScale_dn) INFO: dataset has non-integer weights, auto-selecting SumW2 errors instead of Poisson errors
[#1] INFO:ObjectHandling -- RooWorkspace::import(CMS_hza_workspace) importing dataset ggh_125_13TeV_cat0_phoScale_dn
phoSmear_up
DataStore ggh_125_13TeV_cat0_phoSmear_up (ggh_125_13TeV_cat0_phoSmear_up)
  Contains 1671 entries
  Observables: 
    1)  CMS_hza_mass = 125.988  L(110 - 180)  "CMS_hza_mass"
  Dataset variable "CMS_hza_weight" is interpreted as the event weight
<class 'ROOT.RooArgSet'>
###################################################
[#1] INFO:InputArguments -- RooAbsData::plotOn(ggh_125_13TeV_cat0_phoSmear_up) INFO: dataset has non-integer weights, auto-selecting SumW2 errors instead of Poisson errors
[#1] INFO:ObjectHandling -- RooWorkspace::import(CMS_hza_workspace) importing dataset ggh_125_13TeV_cat0_phoSmear_up
phoSmear_dn
DataStore ggh_125_13TeV_cat0_phoSmear_dn (ggh_125_13TeV_cat0_phoSmear_dn)
  Contains 1671 entries
  Observables: 
    1)  CMS_hza_mass = 125.983  L(110 - 180)  "CMS_hza_mass"
  Dataset variable "CMS_hza_weight" is interpreted as the event weight
<class 'ROOT.RooArgSet'>
###################################################
[#1] INFO:InputArguments -- RooAbsData::plotOn(ggh_125_13TeV_cat0_phoSmear_dn) INFO: dataset has non-integer weights, auto-selecting SumW2 errors instead of Poisson errors
[#1] INFO:ObjectHandling -- RooWorkspace::import(CMS_hza_workspace) importing dataset ggh_125_13TeV_cat0_phoSmear_dn
lepScale_up
DataStore ggh_125_13TeV_cat0_lepScale_up (ggh_125_13TeV_cat0_lepScale_up)
  Contains 1677 entries
  Observables: 
    1)  CMS_hza_mass = 125.891  L(110 - 180)  "CMS_hza_mass"
  Dataset variable "CMS_hza_weight" is interpreted as the event weight
<class 'ROOT.RooArgSet'>
###################################################
[#1] INFO:InputArguments -- RooAbsData::plotOn(ggh_125_13TeV_cat0_lepScale_up) INFO: dataset has non-integer weights, auto-selecting SumW2 errors instead of Poisson errors
[#1] INFO:ObjectHandling -- RooWorkspace::import(CMS_hza_workspace) importing dataset ggh_125_13TeV_cat0_lepScale_up
lepScale_dn
DataStore ggh_125_13TeV_cat0_lepScale_dn (ggh_125_13TeV_cat0_lepScale_dn)
  Contains 1677 entries
  Observables: 
    1)  CMS_hza_mass = 125.738  L(110 - 180)  "CMS_hza_mass"
  Dataset variable "CMS_hza_weight" is interpreted as the event weight
<class 'ROOT.RooArgSet'>
###################################################
[#1] INFO:InputArguments -- RooAbsData::plotOn(ggh_125_13TeV_cat0_lepScale_dn) INFO: dataset has non-integer weights, auto-selecting SumW2 errors instead of Poisson errors
[#1] INFO:ObjectHandling -- RooWorkspace::import(CMS_hza_workspace) importing dataset ggh_125_13TeV_cat0_lepScale_dn
lepSmear_up
DataStore ggh_125_13TeV_cat0_lepSmear_up (ggh_125_13TeV_cat0_lepSmear_up)
  Contains 1677 entries
  Observables: 
    1)  CMS_hza_mass = 125.794  L(110 - 180)  "CMS_hza_mass"
  Dataset variable "CMS_hza_weight" is interpreted as the event weight
<class 'ROOT.RooArgSet'>
###################################################
[#1] INFO:InputArguments -- RooAbsData::plotOn(ggh_125_13TeV_cat0_lepSmear_up) INFO: dataset has non-integer weights, auto-selecting SumW2 errors instead of Poisson errors
[#1] INFO:ObjectHandling -- RooWorkspace::import(CMS_hza_workspace) importing dataset ggh_125_13TeV_cat0_lepSmear_up
lepSmear_dn
DataStore ggh_125_13TeV_cat0_lepSmear_dn (ggh_125_13TeV_cat0_lepSmear_dn)
  Contains 1677 entries
  Observables: 
    1)  CMS_hza_mass = 125.821  L(110 - 180)  "CMS_hza_mass"
  Dataset variable "CMS_hza_weight" is interpreted as the event weight
<class 'ROOT.RooArgSet'>
###################################################
[#1] INFO:InputArguments -- RooAbsData::plotOn(ggh_125_13TeV_cat0_lepSmear_dn) INFO: dataset has non-integer weights, auto-selecting SumW2 errors instead of Poisson errors
[#1] INFO:ObjectHandling -- RooWorkspace::import(CMS_hza_workspace) importing dataset ggh_125_13TeV_cat0_lepSmear_dn
